[0.021s] Invoking command in '/home/pyo/02_Work/04_Cpp/mcc_seminar/seminar_day2_ROS2/ros2_tutorial/build/cpp_pubsub': CMAKE_PREFIX_PATH=/opt/ros/humble /usr/bin/cmake /home/pyo/02_Work/04_Cpp/mcc_seminar/seminar_day2_ROS2/ros2_tutorial/src/cpp_pubsub -DCMAKE_INSTALL_PREFIX=/home/pyo/02_Work/04_Cpp/mcc_seminar/seminar_day2_ROS2/ros2_tutorial/install/cpp_pubsub
[0.040s] -- Found ament_cmake: 1.3.12 (/opt/ros/humble/share/ament_cmake/cmake)
[0.233s] -- Found rclcpp: 16.0.17 (/opt/ros/humble/share/rclcpp/cmake)
[0.507s] -- Found rosidl_generator_c: 3.1.8 (/opt/ros/humble/share/rosidl_generator_c/cmake)
[0.511s] -- Found rosidl_adapter: 3.1.8 (/opt/ros/humble/share/rosidl_adapter/cmake)
[0.518s] -- Found rosidl_generator_cpp: 3.1.8 (/opt/ros/humble/share/rosidl_generator_cpp/cmake)
[0.529s] -- Using all available rosidl_typesupport_c: rosidl_typesupport_fastrtps_c;rosidl_typesupport_introspection_c
[0.548s] -- Using all available rosidl_typesupport_cpp: rosidl_typesupport_fastrtps_cpp;rosidl_typesupport_introspection_cpp
[0.586s] -- Found rmw_implementation_cmake: 6.1.2 (/opt/ros/humble/share/rmw_implementation_cmake/cmake)
[0.589s] -- Found rmw_fastrtps_cpp: 6.2.9 (/opt/ros/humble/share/rmw_fastrtps_cpp/cmake)
[6.845s] -- Using RMW implementation 'rmw_fastrtps_cpp' as default
[6.993s] -- Configuring done
[7.007s] -- Generating done
[7.012s] -- Build files have been written to: /home/pyo/02_Work/04_Cpp/mcc_seminar/seminar_day2_ROS2/ros2_tutorial/build/cpp_pubsub
[7.025s] Invoked command in '/home/pyo/02_Work/04_Cpp/mcc_seminar/seminar_day2_ROS2/ros2_tutorial/build/cpp_pubsub' returned '0': CMAKE_PREFIX_PATH=/opt/ros/humble /usr/bin/cmake /home/pyo/02_Work/04_Cpp/mcc_seminar/seminar_day2_ROS2/ros2_tutorial/src/cpp_pubsub -DCMAKE_INSTALL_PREFIX=/home/pyo/02_Work/04_Cpp/mcc_seminar/seminar_day2_ROS2/ros2_tutorial/install/cpp_pubsub
[7.026s] Invoking command in '/home/pyo/02_Work/04_Cpp/mcc_seminar/seminar_day2_ROS2/ros2_tutorial/build/cpp_pubsub': CMAKE_PREFIX_PATH=/opt/ros/humble /usr/bin/cmake --build /home/pyo/02_Work/04_Cpp/mcc_seminar/seminar_day2_ROS2/ros2_tutorial/build/cpp_pubsub -- -j18 -l18
[7.082s] [ 50%] [32mBuilding CXX object CMakeFiles/talker.dir/src/publisher_member_function.cpp.o[0m
[14.324s] [100%] [32m[1mLinking CXX executable talker[0m
[14.882s] [100%] Built target talker
[14.897s] Invoked command in '/home/pyo/02_Work/04_Cpp/mcc_seminar/seminar_day2_ROS2/ros2_tutorial/build/cpp_pubsub' returned '0': CMAKE_PREFIX_PATH=/opt/ros/humble /usr/bin/cmake --build /home/pyo/02_Work/04_Cpp/mcc_seminar/seminar_day2_ROS2/ros2_tutorial/build/cpp_pubsub -- -j18 -l18
[14.911s] Invoking command in '/home/pyo/02_Work/04_Cpp/mcc_seminar/seminar_day2_ROS2/ros2_tutorial/build/cpp_pubsub': CMAKE_PREFIX_PATH=/opt/ros/humble /usr/bin/cmake --install /home/pyo/02_Work/04_Cpp/mcc_seminar/seminar_day2_ROS2/ros2_tutorial/build/cpp_pubsub
[14.918s] -- Install configuration: ""
[14.919s] -- Installing: /home/pyo/02_Work/04_Cpp/mcc_seminar/seminar_day2_ROS2/ros2_tutorial/install/cpp_pubsub/lib/cpp_pubsub/talker
[14.921s] -- Set runtime path of "/home/pyo/02_Work/04_Cpp/mcc_seminar/seminar_day2_ROS2/ros2_tutorial/install/cpp_pubsub/lib/cpp_pubsub/talker" to ""
[14.923s] -- Installing: /home/pyo/02_Work/04_Cpp/mcc_seminar/seminar_day2_ROS2/ros2_tutorial/install/cpp_pubsub/share/ament_index/resource_index/package_run_dependencies/cpp_pubsub
[14.923s] -- Installing: /home/pyo/02_Work/04_Cpp/mcc_seminar/seminar_day2_ROS2/ros2_tutorial/install/cpp_pubsub/share/ament_index/resource_index/parent_prefix_path/cpp_pubsub
[14.924s] -- Installing: /home/pyo/02_Work/04_Cpp/mcc_seminar/seminar_day2_ROS2/ros2_tutorial/install/cpp_pubsub/share/cpp_pubsub/environment/ament_prefix_path.sh
[14.924s] -- Installing: /home/pyo/02_Work/04_Cpp/mcc_seminar/seminar_day2_ROS2/ros2_tutorial/install/cpp_pubsub/share/cpp_pubsub/environment/ament_prefix_path.dsv
[14.924s] -- Installing: /home/pyo/02_Work/04_Cpp/mcc_seminar/seminar_day2_ROS2/ros2_tutorial/install/cpp_pubsub/share/cpp_pubsub/environment/path.sh
[14.925s] -- Installing: /home/pyo/02_Work/04_Cpp/mcc_seminar/seminar_day2_ROS2/ros2_tutorial/install/cpp_pubsub/share/cpp_pubsub/environment/path.dsv
[14.925s] -- Installing: /home/pyo/02_Work/04_Cpp/mcc_seminar/seminar_day2_ROS2/ros2_tutorial/install/cpp_pubsub/share/cpp_pubsub/local_setup.bash
[14.925s] -- Installing: /home/pyo/02_Work/04_Cpp/mcc_seminar/seminar_day2_ROS2/ros2_tutorial/install/cpp_pubsub/share/cpp_pubsub/local_setup.sh
[14.927s] -- Installing: /home/pyo/02_Work/04_Cpp/mcc_seminar/seminar_day2_ROS2/ros2_tutorial/install/cpp_pubsub/share/cpp_pubsub/local_setup.zsh
[14.927s] -- Installing: /home/pyo/02_Work/04_Cpp/mcc_seminar/seminar_day2_ROS2/ros2_tutorial/install/cpp_pubsub/share/cpp_pubsub/local_setup.dsv
[14.927s] -- Installing: /home/pyo/02_Work/04_Cpp/mcc_seminar/seminar_day2_ROS2/ros2_tutorial/install/cpp_pubsub/share/cpp_pubsub/package.dsv
[14.927s] -- Installing: /home/pyo/02_Work/04_Cpp/mcc_seminar/seminar_day2_ROS2/ros2_tutorial/install/cpp_pubsub/share/ament_index/resource_index/packages/cpp_pubsub
[14.928s] -- Installing: /home/pyo/02_Work/04_Cpp/mcc_seminar/seminar_day2_ROS2/ros2_tutorial/install/cpp_pubsub/share/cpp_pubsub/cmake/cpp_pubsubConfig.cmake
[14.928s] -- Installing: /home/pyo/02_Work/04_Cpp/mcc_seminar/seminar_day2_ROS2/ros2_tutorial/install/cpp_pubsub/share/cpp_pubsub/cmake/cpp_pubsubConfig-version.cmake
[14.928s] -- Installing: /home/pyo/02_Work/04_Cpp/mcc_seminar/seminar_day2_ROS2/ros2_tutorial/install/cpp_pubsub/share/cpp_pubsub/package.xml
[14.933s] Invoked command in '/home/pyo/02_Work/04_Cpp/mcc_seminar/seminar_day2_ROS2/ros2_tutorial/build/cpp_pubsub' returned '0': CMAKE_PREFIX_PATH=/opt/ros/humble /usr/bin/cmake --install /home/pyo/02_Work/04_Cpp/mcc_seminar/seminar_day2_ROS2/ros2_tutorial/build/cpp_pubsub
