-- Install configuration: ""
-- Up-to-date: /home/pyo/mcc_seminar_cpp/seminar_day3_ROS2/urdf_practice_ws/install/edu_arm_description/share/edu_arm_description/launch
-- Installing: /home/pyo/mcc_seminar_cpp/seminar_day3_ROS2/urdf_practice_ws/install/edu_arm_description/share/edu_arm_description/launch/view_robot.launch.py
-- Up-to-date: /home/pyo/mcc_seminar_cpp/seminar_day3_ROS2/urdf_practice_ws/install/edu_arm_description/share/edu_arm_description/urdf
-- Up-to-date: /home/pyo/mcc_seminar_cpp/seminar_day3_ROS2/urdf_practice_ws/install/edu_arm_description/share/edu_arm_description/urdf/robot.urdf.xacro
-- Up-to-date: /home/pyo/mcc_seminar_cpp/seminar_day3_ROS2/urdf_practice_ws/install/edu_arm_description/share/edu_arm_description/meshes
-- Up-to-date: /home/pyo/mcc_seminar_cpp/seminar_day3_ROS2/urdf_practice_ws/install/edu_arm_description/share/edu_arm_description/meshes/gripper_right_palm.stl
-- Up-to-date: /home/pyo/mcc_seminar_cpp/seminar_day3_ROS2/urdf_practice_ws/install/edu_arm_description/share/edu_arm_description/meshes/link2.stl
-- Up-to-date: /home/pyo/mcc_seminar_cpp/seminar_day3_ROS2/urdf_practice_ws/install/edu_arm_description/share/edu_arm_description/meshes/link3.stl
-- Up-to-date: /home/pyo/mcc_seminar_cpp/seminar_day3_ROS2/urdf_practice_ws/install/edu_arm_description/share/edu_arm_description/meshes/link1.stl
-- Up-to-date: /home/pyo/mcc_seminar_cpp/seminar_day3_ROS2/urdf_practice_ws/install/edu_arm_description/share/edu_arm_description/meshes/Plate.stl
-- Up-to-date: /home/pyo/mcc_seminar_cpp/seminar_day3_ROS2/urdf_practice_ws/install/edu_arm_description/share/edu_arm_description/meshes/link5.stl
-- Up-to-date: /home/pyo/mcc_seminar_cpp/seminar_day3_ROS2/urdf_practice_ws/install/edu_arm_description/share/edu_arm_description/meshes/gripper_left_palm.stl
-- Up-to-date: /home/pyo/mcc_seminar_cpp/seminar_day3_ROS2/urdf_practice_ws/install/edu_arm_description/share/edu_arm_description/meshes/link4.stl
-- Up-to-date: /home/pyo/mcc_seminar_cpp/seminar_day3_ROS2/urdf_practice_ws/install/edu_arm_description/share/ament_index/resource_index/package_run_dependencies/edu_arm_description
-- Up-to-date: /home/pyo/mcc_seminar_cpp/seminar_day3_ROS2/urdf_practice_ws/install/edu_arm_description/share/ament_index/resource_index/parent_prefix_path/edu_arm_description
-- Up-to-date: /home/pyo/mcc_seminar_cpp/seminar_day3_ROS2/urdf_practice_ws/install/edu_arm_description/share/edu_arm_description/environment/ament_prefix_path.sh
-- Up-to-date: /home/pyo/mcc_seminar_cpp/seminar_day3_ROS2/urdf_practice_ws/install/edu_arm_description/share/edu_arm_description/environment/ament_prefix_path.dsv
-- Up-to-date: /home/pyo/mcc_seminar_cpp/seminar_day3_ROS2/urdf_practice_ws/install/edu_arm_description/share/edu_arm_description/environment/path.sh
-- Up-to-date: /home/pyo/mcc_seminar_cpp/seminar_day3_ROS2/urdf_practice_ws/install/edu_arm_description/share/edu_arm_description/environment/path.dsv
-- Up-to-date: /home/pyo/mcc_seminar_cpp/seminar_day3_ROS2/urdf_practice_ws/install/edu_arm_description/share/edu_arm_description/local_setup.bash
-- Up-to-date: /home/pyo/mcc_seminar_cpp/seminar_day3_ROS2/urdf_practice_ws/install/edu_arm_description/share/edu_arm_description/local_setup.sh
-- Up-to-date: /home/pyo/mcc_seminar_cpp/seminar_day3_ROS2/urdf_practice_ws/install/edu_arm_description/share/edu_arm_description/local_setup.zsh
-- Up-to-date: /home/pyo/mcc_seminar_cpp/seminar_day3_ROS2/urdf_practice_ws/install/edu_arm_description/share/edu_arm_description/local_setup.dsv
-- Up-to-date: /home/pyo/mcc_seminar_cpp/seminar_day3_ROS2/urdf_practice_ws/install/edu_arm_description/share/edu_arm_description/package.dsv
-- Up-to-date: /home/pyo/mcc_seminar_cpp/seminar_day3_ROS2/urdf_practice_ws/install/edu_arm_description/share/ament_index/resource_index/packages/edu_arm_description
-- Up-to-date: /home/pyo/mcc_seminar_cpp/seminar_day3_ROS2/urdf_practice_ws/install/edu_arm_description/share/edu_arm_description/cmake/edu_arm_descriptionConfig.cmake
-- Up-to-date: /home/pyo/mcc_seminar_cpp/seminar_day3_ROS2/urdf_practice_ws/install/edu_arm_description/share/edu_arm_description/cmake/edu_arm_descriptionConfig-version.cmake
-- Up-to-date: /home/pyo/mcc_seminar_cpp/seminar_day3_ROS2/urdf_practice_ws/install/edu_arm_description/share/edu_arm_description/package.xml
