[0.013s] Invoking command in '/home/pyo/mcc_seminar_cpp/seminar_day3_ROS2/urdf_practice_ws/build/edu_arm_description': CMAKE_PREFIX_PATH=${CMAKE_PREFIX_PATH}:/opt/ros/humble /usr/bin/cmake --build /home/pyo/mcc_seminar_cpp/seminar_day3_ROS2/urdf_practice_ws/build/edu_arm_description -- -j18 -l18
[0.060s] Invoked command in '/home/pyo/mcc_seminar_cpp/seminar_day3_ROS2/urdf_practice_ws/build/edu_arm_description' returned '0': CMAKE_PREFIX_PATH=${CMAKE_PREFIX_PATH}:/opt/ros/humble /usr/bin/cmake --build /home/pyo/mcc_seminar_cpp/seminar_day3_ROS2/urdf_practice_ws/build/edu_arm_description -- -j18 -l18
[0.070s] Invoking command in '/home/pyo/mcc_seminar_cpp/seminar_day3_ROS2/urdf_practice_ws/build/edu_arm_description': CMAKE_PREFIX_PATH=${CMAKE_PREFIX_PATH}:/opt/ros/humble /usr/bin/cmake --install /home/pyo/mcc_seminar_cpp/seminar_day3_ROS2/urdf_practice_ws/build/edu_arm_description
[0.078s] -- Install configuration: ""
[0.078s] -- Up-to-date: /home/pyo/mcc_seminar_cpp/seminar_day3_ROS2/urdf_practice_ws/install/edu_arm_description/share/edu_arm_description/launch
[0.078s] -- Installing: /home/pyo/mcc_seminar_cpp/seminar_day3_ROS2/urdf_practice_ws/install/edu_arm_description/share/edu_arm_description/launch/view_robot.launch.py
[0.079s] -- Up-to-date: /home/pyo/mcc_seminar_cpp/seminar_day3_ROS2/urdf_practice_ws/install/edu_arm_description/share/edu_arm_description/urdf
[0.079s] -- Up-to-date: /home/pyo/mcc_seminar_cpp/seminar_day3_ROS2/urdf_practice_ws/install/edu_arm_description/share/edu_arm_description/urdf/robot.urdf.xacro
[0.079s] -- Up-to-date: /home/pyo/mcc_seminar_cpp/seminar_day3_ROS2/urdf_practice_ws/install/edu_arm_description/share/edu_arm_description/meshes
[0.079s] -- Up-to-date: /home/pyo/mcc_seminar_cpp/seminar_day3_ROS2/urdf_practice_ws/install/edu_arm_description/share/edu_arm_description/meshes/gripper_right_palm.stl
[0.079s] -- Up-to-date: /home/pyo/mcc_seminar_cpp/seminar_day3_ROS2/urdf_practice_ws/install/edu_arm_description/share/edu_arm_description/meshes/link2.stl
[0.079s] -- Up-to-date: /home/pyo/mcc_seminar_cpp/seminar_day3_ROS2/urdf_practice_ws/install/edu_arm_description/share/edu_arm_description/meshes/link3.stl
[0.079s] -- Up-to-date: /home/pyo/mcc_seminar_cpp/seminar_day3_ROS2/urdf_practice_ws/install/edu_arm_description/share/edu_arm_description/meshes/link1.stl
[0.079s] -- Up-to-date: /home/pyo/mcc_seminar_cpp/seminar_day3_ROS2/urdf_practice_ws/install/edu_arm_description/share/edu_arm_description/meshes/Plate.stl
[0.079s] -- Up-to-date: /home/pyo/mcc_seminar_cpp/seminar_day3_ROS2/urdf_practice_ws/install/edu_arm_description/share/edu_arm_description/meshes/link5.stl
[0.079s] -- Up-to-date: /home/pyo/mcc_seminar_cpp/seminar_day3_ROS2/urdf_practice_ws/install/edu_arm_description/share/edu_arm_description/meshes/gripper_left_palm.stl
[0.079s] -- Up-to-date: /home/pyo/mcc_seminar_cpp/seminar_day3_ROS2/urdf_practice_ws/install/edu_arm_description/share/edu_arm_description/meshes/link4.stl
[0.079s] -- Up-to-date: /home/pyo/mcc_seminar_cpp/seminar_day3_ROS2/urdf_practice_ws/install/edu_arm_description/share/ament_index/resource_index/package_run_dependencies/edu_arm_description
[0.079s] -- Up-to-date: /home/pyo/mcc_seminar_cpp/seminar_day3_ROS2/urdf_practice_ws/install/edu_arm_description/share/ament_index/resource_index/parent_prefix_path/edu_arm_description
[0.079s] -- Up-to-date: /home/pyo/mcc_seminar_cpp/seminar_day3_ROS2/urdf_practice_ws/install/edu_arm_description/share/edu_arm_description/environment/ament_prefix_path.sh
[0.080s] -- Up-to-date: /home/pyo/mcc_seminar_cpp/seminar_day3_ROS2/urdf_practice_ws/install/edu_arm_description/share/edu_arm_description/environment/ament_prefix_path.dsv
[0.080s] -- Up-to-date: /home/pyo/mcc_seminar_cpp/seminar_day3_ROS2/urdf_practice_ws/install/edu_arm_description/share/edu_arm_description/environment/path.sh
[0.080s] -- Up-to-date: /home/pyo/mcc_seminar_cpp/seminar_day3_ROS2/urdf_practice_ws/install/edu_arm_description/share/edu_arm_description/environment/path.dsv
[0.080s] -- Up-to-date: /home/pyo/mcc_seminar_cpp/seminar_day3_ROS2/urdf_practice_ws/install/edu_arm_description/share/edu_arm_description/local_setup.bash
[0.080s] -- Up-to-date: /home/pyo/mcc_seminar_cpp/seminar_day3_ROS2/urdf_practice_ws/install/edu_arm_description/share/edu_arm_description/local_setup.sh
[0.080s] -- Up-to-date: /home/pyo/mcc_seminar_cpp/seminar_day3_ROS2/urdf_practice_ws/install/edu_arm_description/share/edu_arm_description/local_setup.zsh
[0.080s] -- Up-to-date: /home/pyo/mcc_seminar_cpp/seminar_day3_ROS2/urdf_practice_ws/install/edu_arm_description/share/edu_arm_description/local_setup.dsv
[0.080s] -- Up-to-date: /home/pyo/mcc_seminar_cpp/seminar_day3_ROS2/urdf_practice_ws/install/edu_arm_description/share/edu_arm_description/package.dsv
[0.080s] -- Up-to-date: /home/pyo/mcc_seminar_cpp/seminar_day3_ROS2/urdf_practice_ws/install/edu_arm_description/share/ament_index/resource_index/packages/edu_arm_description
[0.080s] -- Up-to-date: /home/pyo/mcc_seminar_cpp/seminar_day3_ROS2/urdf_practice_ws/install/edu_arm_description/share/edu_arm_description/cmake/edu_arm_descriptionConfig.cmake
[0.080s] -- Up-to-date: /home/pyo/mcc_seminar_cpp/seminar_day3_ROS2/urdf_practice_ws/install/edu_arm_description/share/edu_arm_description/cmake/edu_arm_descriptionConfig-version.cmake
[0.080s] -- Up-to-date: /home/pyo/mcc_seminar_cpp/seminar_day3_ROS2/urdf_practice_ws/install/edu_arm_description/share/edu_arm_description/package.xml
[0.082s] Invoked command in '/home/pyo/mcc_seminar_cpp/seminar_day3_ROS2/urdf_practice_ws/build/edu_arm_description' returned '0': CMAKE_PREFIX_PATH=${CMAKE_PREFIX_PATH}:/opt/ros/humble /usr/bin/cmake --install /home/pyo/mcc_seminar_cpp/seminar_day3_ROS2/urdf_practice_ws/build/edu_arm_description
