[0.028s] Invoking command in '/home/pyo/02_Work/04_Cpp/mcc_seminar/seminar_day2_ROS2/ros2_tutorial/build/cpp_pubsub': CMAKE_PREFIX_PATH=${CMAKE_PREFIX_PATH}:/opt/ros/humble /usr/bin/cmake --build /home/pyo/02_Work/04_Cpp/mcc_seminar/seminar_day2_ROS2/ros2_tutorial/build/cpp_pubsub -- -j18 -l18
[0.131s] -- Found ament_cmake: 1.3.12 (/opt/ros/humble/share/ament_cmake/cmake)
[0.358s] -- Found rclcpp: 16.0.17 (/opt/ros/humble/share/rclcpp/cmake)
[0.662s] -- Found rosidl_generator_c: 3.1.8 (/opt/ros/humble/share/rosidl_generator_c/cmake)
[0.667s] -- Found rosidl_adapter: 3.1.8 (/opt/ros/humble/share/rosidl_adapter/cmake)
[0.680s] -- Found rosidl_generator_cpp: 3.1.8 (/opt/ros/humble/share/rosidl_generator_cpp/cmake)
[0.702s] -- Using all available rosidl_typesupport_c: rosidl_typesupport_fastrtps_c;rosidl_typesupport_introspection_c
[0.726s] -- Using all available rosidl_typesupport_cpp: rosidl_typesupport_fastrtps_cpp;rosidl_typesupport_introspection_cpp
[0.792s] -- Found rmw_implementation_cmake: 6.1.2 (/opt/ros/humble/share/rmw_implementation_cmake/cmake)
[0.796s] -- Found rmw_fastrtps_cpp: 6.2.9 (/opt/ros/humble/share/rmw_fastrtps_cpp/cmake)
[6.811s] -- Using RMW implementation 'rmw_fastrtps_cpp' as default
[7.037s] -- Configuring done
[7.061s] -- Generating done
[7.067s] -- Build files have been written to: /home/pyo/02_Work/04_Cpp/mcc_seminar/seminar_day2_ROS2/ros2_tutorial/build/cpp_pubsub
[7.111s] [35m[1mConsolidate compiler generated dependencies of target talker[0m
[7.120s] [ 25%] [32mBuilding CXX object CMakeFiles/listener.dir/src/subscriber_member_function.cpp.o[0m
[7.135s] [ 75%] Built target talker
[20.645s] [100%] [32m[1mLinking CXX executable listener[0m
[21.508s] [100%] Built target listener
[21.528s] Invoked command in '/home/pyo/02_Work/04_Cpp/mcc_seminar/seminar_day2_ROS2/ros2_tutorial/build/cpp_pubsub' returned '0': CMAKE_PREFIX_PATH=${CMAKE_PREFIX_PATH}:/opt/ros/humble /usr/bin/cmake --build /home/pyo/02_Work/04_Cpp/mcc_seminar/seminar_day2_ROS2/ros2_tutorial/build/cpp_pubsub -- -j18 -l18
[21.543s] Invoking command in '/home/pyo/02_Work/04_Cpp/mcc_seminar/seminar_day2_ROS2/ros2_tutorial/build/cpp_pubsub': CMAKE_PREFIX_PATH=${CMAKE_PREFIX_PATH}:/opt/ros/humble /usr/bin/cmake --install /home/pyo/02_Work/04_Cpp/mcc_seminar/seminar_day2_ROS2/ros2_tutorial/build/cpp_pubsub
[21.553s] -- Install configuration: ""
[21.554s] -- Up-to-date: /home/pyo/02_Work/04_Cpp/mcc_seminar/seminar_day2_ROS2/ros2_tutorial/install/cpp_pubsub/lib/cpp_pubsub/talker
[21.554s] -- Installing: /home/pyo/02_Work/04_Cpp/mcc_seminar/seminar_day2_ROS2/ros2_tutorial/install/cpp_pubsub/lib/cpp_pubsub/listener
[21.560s] -- Set runtime path of "/home/pyo/02_Work/04_Cpp/mcc_seminar/seminar_day2_ROS2/ros2_tutorial/install/cpp_pubsub/lib/cpp_pubsub/listener" to ""
[21.561s] -- Up-to-date: /home/pyo/02_Work/04_Cpp/mcc_seminar/seminar_day2_ROS2/ros2_tutorial/install/cpp_pubsub/share/ament_index/resource_index/package_run_dependencies/cpp_pubsub
[21.561s] -- Installing: /home/pyo/02_Work/04_Cpp/mcc_seminar/seminar_day2_ROS2/ros2_tutorial/install/cpp_pubsub/share/ament_index/resource_index/parent_prefix_path/cpp_pubsub
[21.561s] -- Up-to-date: /home/pyo/02_Work/04_Cpp/mcc_seminar/seminar_day2_ROS2/ros2_tutorial/install/cpp_pubsub/share/cpp_pubsub/environment/ament_prefix_path.sh
[21.562s] -- Installing: /home/pyo/02_Work/04_Cpp/mcc_seminar/seminar_day2_ROS2/ros2_tutorial/install/cpp_pubsub/share/cpp_pubsub/environment/ament_prefix_path.dsv
[21.562s] -- Up-to-date: /home/pyo/02_Work/04_Cpp/mcc_seminar/seminar_day2_ROS2/ros2_tutorial/install/cpp_pubsub/share/cpp_pubsub/environment/path.sh
[21.562s] -- Installing: /home/pyo/02_Work/04_Cpp/mcc_seminar/seminar_day2_ROS2/ros2_tutorial/install/cpp_pubsub/share/cpp_pubsub/environment/path.dsv
[21.563s] -- Up-to-date: /home/pyo/02_Work/04_Cpp/mcc_seminar/seminar_day2_ROS2/ros2_tutorial/install/cpp_pubsub/share/cpp_pubsub/local_setup.bash
[21.564s] -- Up-to-date: /home/pyo/02_Work/04_Cpp/mcc_seminar/seminar_day2_ROS2/ros2_tutorial/install/cpp_pubsub/share/cpp_pubsub/local_setup.sh
[21.567s] -- Up-to-date: /home/pyo/02_Work/04_Cpp/mcc_seminar/seminar_day2_ROS2/ros2_tutorial/install/cpp_pubsub/share/cpp_pubsub/local_setup.zsh
[21.567s] -- Installing: /home/pyo/02_Work/04_Cpp/mcc_seminar/seminar_day2_ROS2/ros2_tutorial/install/cpp_pubsub/share/cpp_pubsub/local_setup.dsv
[21.567s] -- Installing: /home/pyo/02_Work/04_Cpp/mcc_seminar/seminar_day2_ROS2/ros2_tutorial/install/cpp_pubsub/share/cpp_pubsub/package.dsv
[21.567s] -- Up-to-date: /home/pyo/02_Work/04_Cpp/mcc_seminar/seminar_day2_ROS2/ros2_tutorial/install/cpp_pubsub/share/ament_index/resource_index/packages/cpp_pubsub
[21.567s] -- Up-to-date: /home/pyo/02_Work/04_Cpp/mcc_seminar/seminar_day2_ROS2/ros2_tutorial/install/cpp_pubsub/share/cpp_pubsub/cmake/cpp_pubsubConfig.cmake
[21.567s] -- Up-to-date: /home/pyo/02_Work/04_Cpp/mcc_seminar/seminar_day2_ROS2/ros2_tutorial/install/cpp_pubsub/share/cpp_pubsub/cmake/cpp_pubsubConfig-version.cmake
[21.567s] -- Up-to-date: /home/pyo/02_Work/04_Cpp/mcc_seminar/seminar_day2_ROS2/ros2_tutorial/install/cpp_pubsub/share/cpp_pubsub/package.xml
[21.570s] Invoked command in '/home/pyo/02_Work/04_Cpp/mcc_seminar/seminar_day2_ROS2/ros2_tutorial/build/cpp_pubsub' returned '0': CMAKE_PREFIX_PATH=${CMAKE_PREFIX_PATH}:/opt/ros/humble /usr/bin/cmake --install /home/pyo/02_Work/04_Cpp/mcc_seminar/seminar_day2_ROS2/ros2_tutorial/build/cpp_pubsub
