[0.511s] DEBUG:colcon:Command line arguments: ['/usr/bin/colcon', 'build']
[0.512s] DEBUG:colcon:Parsed command line arguments: Namespace(log_base=None, log_level=None, verb_name='build', build_base='build', install_base='install', merge_install=False, symlink_install=False, test_result_base=None, continue_on_error=False, executor='parallel', parallel_workers=18, event_handlers=None, ignore_user_meta=False, metas=['./colcon.meta'], base_paths=['.'], packages_ignore=None, packages_ignore_regex=None, paths=None, packages_up_to=None, packages_up_to_regex=None, packages_above=None, packages_above_and_dependencies=None, packages_above_depth=None, packages_select_by_dep=None, packages_skip_by_dep=None, packages_skip_up_to=None, packages_select_build_failed=False, packages_skip_build_finished=False, packages_select_test_failures=False, packages_skip_test_passed=False, packages_select=None, packages_skip=None, packages_select_regex=None, packages_skip_regex=None, packages_start=None, packages_end=None, allow_overriding=[], cmake_args=None, cmake_target=None, cmake_target_skip_unavailable=False, cmake_clean_cache=False, cmake_clean_first=False, cmake_force_configure=False, ament_cmake_args=None, catkin_cmake_args=None, catkin_skip_building_tests=False, mixin_files=None, mixin=None, verb_parser=<colcon_mixin.mixin.mixin_argument.MixinArgumentDecorator object at 0x77ab2044a500>, verb_extension=<colcon_core.verb.build.BuildVerb object at 0x77ab205d3a60>, main=<bound method BuildVerb.main of <colcon_core.verb.build.BuildVerb object at 0x77ab205d3a60>>, mixin_verb=('build',))
[1.152s] Level 1:colcon.colcon_core.package_discovery:discover_packages(colcon_meta) check parameters
[1.152s] Level 1:colcon.colcon_core.package_discovery:discover_packages(recursive) check parameters
[1.152s] Level 1:colcon.colcon_core.package_discovery:discover_packages(ignore) check parameters
[1.152s] Level 1:colcon.colcon_core.package_discovery:discover_packages(path) check parameters
[1.152s] Level 1:colcon.colcon_core.package_discovery:discover_packages(colcon_meta) discover
[1.152s] Level 1:colcon.colcon_core.package_discovery:discover_packages(recursive) discover
[1.152s] INFO:colcon.colcon_core.package_discovery:Crawling recursively for packages in '/home/pyo/02_Work/04_Cpp/mcc_seminar/seminar_day3_ROS2/tf2_practice_ws'
[1.152s] Level 1:colcon.colcon_core.package_identification:_identify(.) by extensions ['ignore', 'ignore_ament_install']
[1.152s] Level 1:colcon.colcon_core.package_identification:_identify(.) by extension 'ignore'
[1.153s] Level 1:colcon.colcon_core.package_identification:_identify(.) by extension 'ignore_ament_install'
[1.153s] Level 1:colcon.colcon_core.package_identification:_identify(.) by extensions ['colcon_pkg']
[1.153s] Level 1:colcon.colcon_core.package_identification:_identify(.) by extension 'colcon_pkg'
[1.153s] Level 1:colcon.colcon_core.package_identification:_identify(.) by extensions ['colcon_meta']
[1.153s] Level 1:colcon.colcon_core.package_identification:_identify(.) by extension 'colcon_meta'
[1.153s] Level 1:colcon.colcon_core.package_identification:_identify(.) by extensions ['ros']
[1.153s] Level 1:colcon.colcon_core.package_identification:_identify(.) by extension 'ros'
[1.178s] Level 1:colcon.colcon_core.package_identification:_identify(.) by extensions ['cmake', 'python']
[1.178s] Level 1:colcon.colcon_core.package_identification:_identify(.) by extension 'cmake'
[1.178s] Level 1:colcon.colcon_core.package_identification:_identify(.) by extension 'python'
[1.178s] Level 1:colcon.colcon_core.package_identification:_identify(.) by extensions ['python_setup_py']
[1.178s] Level 1:colcon.colcon_core.package_identification:_identify(.) by extension 'python_setup_py'
[1.178s] Level 1:colcon.colcon_core.package_identification:_identify(build) by extensions ['ignore', 'ignore_ament_install']
[1.179s] Level 1:colcon.colcon_core.package_identification:_identify(build) by extension 'ignore'
[1.179s] Level 1:colcon.colcon_core.package_identification:_identify(build) ignored
[1.179s] Level 1:colcon.colcon_core.package_identification:_identify(install) by extensions ['ignore', 'ignore_ament_install']
[1.179s] Level 1:colcon.colcon_core.package_identification:_identify(install) by extension 'ignore'
[1.179s] Level 1:colcon.colcon_core.package_identification:_identify(install) ignored
[1.179s] Level 1:colcon.colcon_core.package_identification:_identify(log) by extensions ['ignore', 'ignore_ament_install']
[1.179s] Level 1:colcon.colcon_core.package_identification:_identify(log) by extension 'ignore'
[1.179s] Level 1:colcon.colcon_core.package_identification:_identify(log) ignored
[1.179s] Level 1:colcon.colcon_core.package_identification:_identify(src) by extensions ['ignore', 'ignore_ament_install']
[1.179s] Level 1:colcon.colcon_core.package_identification:_identify(src) by extension 'ignore'
[1.179s] Level 1:colcon.colcon_core.package_identification:_identify(src) by extension 'ignore_ament_install'
[1.179s] Level 1:colcon.colcon_core.package_identification:_identify(src) by extensions ['colcon_pkg']
[1.179s] Level 1:colcon.colcon_core.package_identification:_identify(src) by extension 'colcon_pkg'
[1.179s] Level 1:colcon.colcon_core.package_identification:_identify(src) by extensions ['colcon_meta']
[1.179s] Level 1:colcon.colcon_core.package_identification:_identify(src) by extension 'colcon_meta'
[1.179s] Level 1:colcon.colcon_core.package_identification:_identify(src) by extensions ['ros']
[1.179s] Level 1:colcon.colcon_core.package_identification:_identify(src) by extension 'ros'
[1.180s] Level 1:colcon.colcon_core.package_identification:_identify(src) by extensions ['cmake', 'python']
[1.180s] Level 1:colcon.colcon_core.package_identification:_identify(src) by extension 'cmake'
[1.180s] Level 1:colcon.colcon_core.package_identification:_identify(src) by extension 'python'
[1.180s] Level 1:colcon.colcon_core.package_identification:_identify(src) by extensions ['python_setup_py']
[1.180s] Level 1:colcon.colcon_core.package_identification:_identify(src) by extension 'python_setup_py'
[1.180s] Level 1:colcon.colcon_core.package_identification:_identify(src/tf2_broadcaster) by extensions ['ignore', 'ignore_ament_install']
[1.180s] Level 1:colcon.colcon_core.package_identification:_identify(src/tf2_broadcaster) by extension 'ignore'
[1.180s] Level 1:colcon.colcon_core.package_identification:_identify(src/tf2_broadcaster) by extension 'ignore_ament_install'
[1.180s] Level 1:colcon.colcon_core.package_identification:_identify(src/tf2_broadcaster) by extensions ['colcon_pkg']
[1.180s] Level 1:colcon.colcon_core.package_identification:_identify(src/tf2_broadcaster) by extension 'colcon_pkg'
[1.180s] Level 1:colcon.colcon_core.package_identification:_identify(src/tf2_broadcaster) by extensions ['colcon_meta']
[1.180s] Level 1:colcon.colcon_core.package_identification:_identify(src/tf2_broadcaster) by extension 'colcon_meta'
[1.180s] Level 1:colcon.colcon_core.package_identification:_identify(src/tf2_broadcaster) by extensions ['ros']
[1.180s] Level 1:colcon.colcon_core.package_identification:_identify(src/tf2_broadcaster) by extension 'ros'
[1.189s] DEBUG:colcon.colcon_core.package_identification:Package 'src/tf2_broadcaster' with type 'ros.ament_cmake' and name 'tf2_broadcaster'
[1.189s] Level 1:colcon.colcon_core.package_discovery:discover_packages(recursive) using defaults
[1.190s] Level 1:colcon.colcon_core.package_discovery:discover_packages(ignore) discover
[1.190s] Level 1:colcon.colcon_core.package_discovery:discover_packages(ignore) using defaults
[1.190s] Level 1:colcon.colcon_core.package_discovery:discover_packages(path) discover
[1.190s] Level 1:colcon.colcon_core.package_discovery:discover_packages(path) using defaults
[1.250s] Level 1:colcon.colcon_core.package_discovery:discover_packages(prefix_path) check parameters
[1.250s] Level 1:colcon.colcon_core.package_discovery:discover_packages(prefix_path) discover
[1.258s] DEBUG:colcon.colcon_installed_package_information.package_discovery:Found 472 installed packages in /opt/ros/humble
[1.261s] Level 1:colcon.colcon_core.package_discovery:discover_packages(prefix_path) using defaults
[1.470s] Level 5:colcon.colcon_core.verb:set package 'tf2_broadcaster' build argument 'cmake_args' from command line to 'None'
[1.470s] Level 5:colcon.colcon_core.verb:set package 'tf2_broadcaster' build argument 'cmake_target' from command line to 'None'
[1.470s] Level 5:colcon.colcon_core.verb:set package 'tf2_broadcaster' build argument 'cmake_target_skip_unavailable' from command line to 'False'
[1.470s] Level 5:colcon.colcon_core.verb:set package 'tf2_broadcaster' build argument 'cmake_clean_cache' from command line to 'False'
[1.470s] Level 5:colcon.colcon_core.verb:set package 'tf2_broadcaster' build argument 'cmake_clean_first' from command line to 'False'
[1.470s] Level 5:colcon.colcon_core.verb:set package 'tf2_broadcaster' build argument 'cmake_force_configure' from command line to 'False'
[1.470s] Level 5:colcon.colcon_core.verb:set package 'tf2_broadcaster' build argument 'ament_cmake_args' from command line to 'None'
[1.470s] Level 5:colcon.colcon_core.verb:set package 'tf2_broadcaster' build argument 'catkin_cmake_args' from command line to 'None'
[1.470s] Level 5:colcon.colcon_core.verb:set package 'tf2_broadcaster' build argument 'catkin_skip_building_tests' from command line to 'False'
[1.470s] DEBUG:colcon.colcon_core.verb:Building package 'tf2_broadcaster' with the following arguments: {'ament_cmake_args': None, 'build_base': '/home/pyo/02_Work/04_Cpp/mcc_seminar/seminar_day3_ROS2/tf2_practice_ws/build/tf2_broadcaster', 'catkin_cmake_args': None, 'catkin_skip_building_tests': False, 'cmake_args': None, 'cmake_clean_cache': False, 'cmake_clean_first': False, 'cmake_force_configure': False, 'cmake_target': None, 'cmake_target_skip_unavailable': False, 'install_base': '/home/pyo/02_Work/04_Cpp/mcc_seminar/seminar_day3_ROS2/tf2_practice_ws/install/tf2_broadcaster', 'merge_install': False, 'path': '/home/pyo/02_Work/04_Cpp/mcc_seminar/seminar_day3_ROS2/tf2_practice_ws/src/tf2_broadcaster', 'symlink_install': False, 'test_result_base': None}
[1.470s] INFO:colcon.colcon_core.executor:Executing jobs using 'parallel' executor
[1.476s] DEBUG:colcon.colcon_parallel_executor.executor.parallel:run_until_complete
[1.477s] INFO:colcon.colcon_ros.task.ament_cmake.build:Building ROS package in '/home/pyo/02_Work/04_Cpp/mcc_seminar/seminar_day3_ROS2/tf2_practice_ws/src/tf2_broadcaster' with build type 'ament_cmake'
[1.478s] INFO:colcon.colcon_cmake.task.cmake.build:Building CMake package in '/home/pyo/02_Work/04_Cpp/mcc_seminar/seminar_day3_ROS2/tf2_practice_ws/src/tf2_broadcaster'
[1.499s] INFO:colcon.colcon_core.plugin_system:Skipping extension 'colcon_core.shell.bat': Not used on non-Windows systems
[1.500s] INFO:colcon.colcon_core.shell:Skip shell extension 'powershell' for command environment: Not usable outside of PowerShell
[1.500s] DEBUG:colcon.colcon_core.shell:Skip shell extension 'dsv' for command environment
[1.520s] DEBUG:colcon.colcon_core.event_handler.log_command:Invoking command in '/home/pyo/02_Work/04_Cpp/mcc_seminar/seminar_day3_ROS2/tf2_practice_ws/build/tf2_broadcaster': CMAKE_PREFIX_PATH=/opt/ros/humble /usr/bin/cmake /home/pyo/02_Work/04_Cpp/mcc_seminar/seminar_day3_ROS2/tf2_practice_ws/src/tf2_broadcaster -DCMAKE_INSTALL_PREFIX=/home/pyo/02_Work/04_Cpp/mcc_seminar/seminar_day3_ROS2/tf2_practice_ws/install/tf2_broadcaster
[4.231s] DEBUG:colcon.colcon_core.event_handler.log_command:Invoked command in '/home/pyo/02_Work/04_Cpp/mcc_seminar/seminar_day3_ROS2/tf2_practice_ws/build/tf2_broadcaster' returned '0': CMAKE_PREFIX_PATH=/opt/ros/humble /usr/bin/cmake /home/pyo/02_Work/04_Cpp/mcc_seminar/seminar_day3_ROS2/tf2_practice_ws/src/tf2_broadcaster -DCMAKE_INSTALL_PREFIX=/home/pyo/02_Work/04_Cpp/mcc_seminar/seminar_day3_ROS2/tf2_practice_ws/install/tf2_broadcaster
[4.233s] DEBUG:colcon.colcon_core.event_handler.log_command:Invoking command in '/home/pyo/02_Work/04_Cpp/mcc_seminar/seminar_day3_ROS2/tf2_practice_ws/build/tf2_broadcaster': CMAKE_PREFIX_PATH=/opt/ros/humble /usr/bin/cmake --build /home/pyo/02_Work/04_Cpp/mcc_seminar/seminar_day3_ROS2/tf2_practice_ws/build/tf2_broadcaster -- -j18 -l18
[4.292s] DEBUG:colcon.colcon_core.event_handler.log_command:Invoked command in '/home/pyo/02_Work/04_Cpp/mcc_seminar/seminar_day3_ROS2/tf2_practice_ws/build/tf2_broadcaster' returned '0': CMAKE_PREFIX_PATH=/opt/ros/humble /usr/bin/cmake --build /home/pyo/02_Work/04_Cpp/mcc_seminar/seminar_day3_ROS2/tf2_practice_ws/build/tf2_broadcaster -- -j18 -l18
[4.310s] DEBUG:colcon.colcon_core.event_handler.log_command:Invoking command in '/home/pyo/02_Work/04_Cpp/mcc_seminar/seminar_day3_ROS2/tf2_practice_ws/build/tf2_broadcaster': CMAKE_PREFIX_PATH=/opt/ros/humble /usr/bin/cmake --install /home/pyo/02_Work/04_Cpp/mcc_seminar/seminar_day3_ROS2/tf2_practice_ws/build/tf2_broadcaster
[4.332s] Level 1:colcon.colcon_core.environment:create_environment_scripts_only(tf2_broadcaster)
[4.333s] DEBUG:colcon.colcon_core.event_handler.log_command:Invoked command in '/home/pyo/02_Work/04_Cpp/mcc_seminar/seminar_day3_ROS2/tf2_practice_ws/build/tf2_broadcaster' returned '0': CMAKE_PREFIX_PATH=/opt/ros/humble /usr/bin/cmake --install /home/pyo/02_Work/04_Cpp/mcc_seminar/seminar_day3_ROS2/tf2_practice_ws/build/tf2_broadcaster
[4.343s] Level 1:colcon.colcon_core.environment:checking '/home/pyo/02_Work/04_Cpp/mcc_seminar/seminar_day3_ROS2/tf2_practice_ws/install/tf2_broadcaster' for CMake module files
[4.344s] Level 1:colcon.colcon_core.environment:checking '/home/pyo/02_Work/04_Cpp/mcc_seminar/seminar_day3_ROS2/tf2_practice_ws/install/tf2_broadcaster' for CMake config files
[4.344s] Level 1:colcon.colcon_core.shell:create_environment_hook('tf2_broadcaster', 'cmake_prefix_path')
[4.345s] INFO:colcon.colcon_core.shell:Creating environment hook '/home/pyo/02_Work/04_Cpp/mcc_seminar/seminar_day3_ROS2/tf2_practice_ws/install/tf2_broadcaster/share/tf2_broadcaster/hook/cmake_prefix_path.ps1'
[4.347s] INFO:colcon.colcon_core.shell:Creating environment descriptor '/home/pyo/02_Work/04_Cpp/mcc_seminar/seminar_day3_ROS2/tf2_practice_ws/install/tf2_broadcaster/share/tf2_broadcaster/hook/cmake_prefix_path.dsv'
[4.348s] INFO:colcon.colcon_core.shell:Creating environment hook '/home/pyo/02_Work/04_Cpp/mcc_seminar/seminar_day3_ROS2/tf2_practice_ws/install/tf2_broadcaster/share/tf2_broadcaster/hook/cmake_prefix_path.sh'
[4.350s] Level 1:colcon.colcon_core.environment:checking '/home/pyo/02_Work/04_Cpp/mcc_seminar/seminar_day3_ROS2/tf2_practice_ws/install/tf2_broadcaster/bin'
[4.350s] Level 1:colcon.colcon_core.environment:checking '/home/pyo/02_Work/04_Cpp/mcc_seminar/seminar_day3_ROS2/tf2_practice_ws/install/tf2_broadcaster/lib/pkgconfig/tf2_broadcaster.pc'
[4.351s] Level 1:colcon.colcon_core.environment:checking '/home/pyo/02_Work/04_Cpp/mcc_seminar/seminar_day3_ROS2/tf2_practice_ws/install/tf2_broadcaster/lib/python3.10/site-packages'
[4.351s] Level 1:colcon.colcon_core.environment:checking '/home/pyo/02_Work/04_Cpp/mcc_seminar/seminar_day3_ROS2/tf2_practice_ws/install/tf2_broadcaster/bin'
[4.351s] INFO:colcon.colcon_core.shell:Creating package script '/home/pyo/02_Work/04_Cpp/mcc_seminar/seminar_day3_ROS2/tf2_practice_ws/install/tf2_broadcaster/share/tf2_broadcaster/package.ps1'
[4.353s] INFO:colcon.colcon_core.shell:Creating package descriptor '/home/pyo/02_Work/04_Cpp/mcc_seminar/seminar_day3_ROS2/tf2_practice_ws/install/tf2_broadcaster/share/tf2_broadcaster/package.dsv'
[4.354s] INFO:colcon.colcon_core.shell:Creating package script '/home/pyo/02_Work/04_Cpp/mcc_seminar/seminar_day3_ROS2/tf2_practice_ws/install/tf2_broadcaster/share/tf2_broadcaster/package.sh'
[4.357s] INFO:colcon.colcon_core.shell:Creating package script '/home/pyo/02_Work/04_Cpp/mcc_seminar/seminar_day3_ROS2/tf2_practice_ws/install/tf2_broadcaster/share/tf2_broadcaster/package.bash'
[4.358s] INFO:colcon.colcon_core.shell:Creating package script '/home/pyo/02_Work/04_Cpp/mcc_seminar/seminar_day3_ROS2/tf2_practice_ws/install/tf2_broadcaster/share/tf2_broadcaster/package.zsh'
[4.360s] Level 1:colcon.colcon_core.environment:create_file_with_runtime_dependencies(/home/pyo/02_Work/04_Cpp/mcc_seminar/seminar_day3_ROS2/tf2_practice_ws/install/tf2_broadcaster/share/colcon-core/packages/tf2_broadcaster)
[4.361s] Level 1:colcon.colcon_core.environment:create_environment_scripts_only(tf2_broadcaster)
[4.362s] Level 1:colcon.colcon_core.environment:checking '/home/pyo/02_Work/04_Cpp/mcc_seminar/seminar_day3_ROS2/tf2_practice_ws/install/tf2_broadcaster' for CMake module files
[4.362s] Level 1:colcon.colcon_core.environment:checking '/home/pyo/02_Work/04_Cpp/mcc_seminar/seminar_day3_ROS2/tf2_practice_ws/install/tf2_broadcaster' for CMake config files
[4.362s] Level 1:colcon.colcon_core.shell:create_environment_hook('tf2_broadcaster', 'cmake_prefix_path')
[4.362s] INFO:colcon.colcon_core.shell:Creating environment hook '/home/pyo/02_Work/04_Cpp/mcc_seminar/seminar_day3_ROS2/tf2_practice_ws/install/tf2_broadcaster/share/tf2_broadcaster/hook/cmake_prefix_path.ps1'
[4.363s] INFO:colcon.colcon_core.shell:Creating environment descriptor '/home/pyo/02_Work/04_Cpp/mcc_seminar/seminar_day3_ROS2/tf2_practice_ws/install/tf2_broadcaster/share/tf2_broadcaster/hook/cmake_prefix_path.dsv'
[4.364s] INFO:colcon.colcon_core.shell:Creating environment hook '/home/pyo/02_Work/04_Cpp/mcc_seminar/seminar_day3_ROS2/tf2_practice_ws/install/tf2_broadcaster/share/tf2_broadcaster/hook/cmake_prefix_path.sh'
[4.366s] Level 1:colcon.colcon_core.environment:checking '/home/pyo/02_Work/04_Cpp/mcc_seminar/seminar_day3_ROS2/tf2_practice_ws/install/tf2_broadcaster/bin'
[4.366s] Level 1:colcon.colcon_core.environment:checking '/home/pyo/02_Work/04_Cpp/mcc_seminar/seminar_day3_ROS2/tf2_practice_ws/install/tf2_broadcaster/lib/pkgconfig/tf2_broadcaster.pc'
[4.367s] Level 1:colcon.colcon_core.environment:checking '/home/pyo/02_Work/04_Cpp/mcc_seminar/seminar_day3_ROS2/tf2_practice_ws/install/tf2_broadcaster/lib/python3.10/site-packages'
[4.367s] Level 1:colcon.colcon_core.environment:checking '/home/pyo/02_Work/04_Cpp/mcc_seminar/seminar_day3_ROS2/tf2_practice_ws/install/tf2_broadcaster/bin'
[4.368s] INFO:colcon.colcon_core.shell:Creating package script '/home/pyo/02_Work/04_Cpp/mcc_seminar/seminar_day3_ROS2/tf2_practice_ws/install/tf2_broadcaster/share/tf2_broadcaster/package.ps1'
[4.368s] INFO:colcon.colcon_core.shell:Creating package descriptor '/home/pyo/02_Work/04_Cpp/mcc_seminar/seminar_day3_ROS2/tf2_practice_ws/install/tf2_broadcaster/share/tf2_broadcaster/package.dsv'
[4.369s] INFO:colcon.colcon_core.shell:Creating package script '/home/pyo/02_Work/04_Cpp/mcc_seminar/seminar_day3_ROS2/tf2_practice_ws/install/tf2_broadcaster/share/tf2_broadcaster/package.sh'
[4.369s] INFO:colcon.colcon_core.shell:Creating package script '/home/pyo/02_Work/04_Cpp/mcc_seminar/seminar_day3_ROS2/tf2_practice_ws/install/tf2_broadcaster/share/tf2_broadcaster/package.bash'
[4.370s] INFO:colcon.colcon_core.shell:Creating package script '/home/pyo/02_Work/04_Cpp/mcc_seminar/seminar_day3_ROS2/tf2_practice_ws/install/tf2_broadcaster/share/tf2_broadcaster/package.zsh'
[4.370s] Level 1:colcon.colcon_core.environment:create_file_with_runtime_dependencies(/home/pyo/02_Work/04_Cpp/mcc_seminar/seminar_day3_ROS2/tf2_practice_ws/install/tf2_broadcaster/share/colcon-core/packages/tf2_broadcaster)
[4.371s] DEBUG:colcon.colcon_parallel_executor.executor.parallel:closing loop
[4.371s] DEBUG:colcon.colcon_parallel_executor.executor.parallel:loop closed
[4.371s] DEBUG:colcon.colcon_parallel_executor.executor.parallel:run_until_complete finished with '0'
[4.371s] DEBUG:colcon.colcon_core.event_reactor:joining thread
[4.440s] INFO:colcon.colcon_core.plugin_system:Skipping extension 'colcon_notification.desktop_notification.notify_send': Could not find 'notify-send'
[4.440s] INFO:colcon.colcon_core.plugin_system:Skipping extension 'colcon_notification.desktop_notification.terminal_notifier': Not used on non-Darwin systems
[4.441s] INFO:colcon.colcon_core.plugin_system:Skipping extension 'colcon_notification.desktop_notification.win32': Not used on non-Windows systems
[4.441s] INFO:colcon.colcon_notification.desktop_notification:Sending desktop notification using 'notify2'
[4.445s] DEBUG:colcon.colcon_notification.desktop_notification.notify2:Failed to initialize notify2: org.freedesktop.DBus.Error.ServiceUnknown: The name org.freedesktop.Notifications was not provided by any .service files
[4.446s] DEBUG:colcon.colcon_core.event_reactor:joined thread
[4.446s] INFO:colcon.colcon_core.shell:Creating prefix script '/home/pyo/02_Work/04_Cpp/mcc_seminar/seminar_day3_ROS2/tf2_practice_ws/install/local_setup.ps1'
[4.448s] INFO:colcon.colcon_core.shell:Creating prefix util module '/home/pyo/02_Work/04_Cpp/mcc_seminar/seminar_day3_ROS2/tf2_practice_ws/install/_local_setup_util_ps1.py'
[4.450s] INFO:colcon.colcon_core.shell:Creating prefix chain script '/home/pyo/02_Work/04_Cpp/mcc_seminar/seminar_day3_ROS2/tf2_practice_ws/install/setup.ps1'
[4.452s] INFO:colcon.colcon_core.shell:Creating prefix script '/home/pyo/02_Work/04_Cpp/mcc_seminar/seminar_day3_ROS2/tf2_practice_ws/install/local_setup.sh'
[4.453s] INFO:colcon.colcon_core.shell:Creating prefix util module '/home/pyo/02_Work/04_Cpp/mcc_seminar/seminar_day3_ROS2/tf2_practice_ws/install/_local_setup_util_sh.py'
[4.454s] INFO:colcon.colcon_core.shell:Creating prefix chain script '/home/pyo/02_Work/04_Cpp/mcc_seminar/seminar_day3_ROS2/tf2_practice_ws/install/setup.sh'
[4.455s] INFO:colcon.colcon_core.shell:Creating prefix script '/home/pyo/02_Work/04_Cpp/mcc_seminar/seminar_day3_ROS2/tf2_practice_ws/install/local_setup.bash'
[4.456s] INFO:colcon.colcon_core.shell:Creating prefix chain script '/home/pyo/02_Work/04_Cpp/mcc_seminar/seminar_day3_ROS2/tf2_practice_ws/install/setup.bash'
[4.457s] INFO:colcon.colcon_core.shell:Creating prefix script '/home/pyo/02_Work/04_Cpp/mcc_seminar/seminar_day3_ROS2/tf2_practice_ws/install/local_setup.zsh'
[4.458s] INFO:colcon.colcon_core.shell:Creating prefix chain script '/home/pyo/02_Work/04_Cpp/mcc_seminar/seminar_day3_ROS2/tf2_practice_ws/install/setup.zsh'
