[0.043s] Invoking command in '/home/pyo/02_Work/04_Cpp/mcc_seminar/seminar_day3_ROS2/tf2_practice_ws/build/tf2_broadcaster': CMAKE_PREFIX_PATH=/opt/ros/humble /usr/bin/cmake /home/pyo/02_Work/04_Cpp/mcc_seminar/seminar_day3_ROS2/tf2_practice_ws/src/tf2_broadcaster -DCMAKE_INSTALL_PREFIX=/home/pyo/02_Work/04_Cpp/mcc_seminar/seminar_day3_ROS2/tf2_practice_ws/install/tf2_broadcaster
[0.519s] -- The C compiler identification is GNU 11.4.0
[1.233s] -- The CXX compiler identification is GNU 11.4.0
[1.723s] -- Detecting C compiler ABI info
[1.952s] -- Detecting C compiler ABI info - done
[1.962s] -- Check for working C compiler: /usr/bin/cc - skipped
[1.963s] -- Detecting C compile features
[1.964s] -- Detecting C compile features - done
[1.970s] -- Detecting CXX compiler ABI info
[2.176s] -- Detecting CXX compiler ABI info - done
[2.186s] -- Check for working CXX compiler: /usr/bin/c++ - skipped
[2.187s] -- Detecting CXX compile features
[2.187s] -- Detecting CXX compile features - done
[2.224s] -- Found ament_cmake: 1.3.12 (/opt/ros/humble/share/ament_cmake/cmake)
[2.458s] -- Found Python3: /usr/bin/python3 (found version "3.10.12") found components: Interpreter 
[2.737s] -- Configuring done
[2.744s] -- Generating done
[2.747s] -- Build files have been written to: /home/pyo/02_Work/04_Cpp/mcc_seminar/seminar_day3_ROS2/tf2_practice_ws/build/tf2_broadcaster
[2.754s] Invoked command in '/home/pyo/02_Work/04_Cpp/mcc_seminar/seminar_day3_ROS2/tf2_practice_ws/build/tf2_broadcaster' returned '0': CMAKE_PREFIX_PATH=/opt/ros/humble /usr/bin/cmake /home/pyo/02_Work/04_Cpp/mcc_seminar/seminar_day3_ROS2/tf2_practice_ws/src/tf2_broadcaster -DCMAKE_INSTALL_PREFIX=/home/pyo/02_Work/04_Cpp/mcc_seminar/seminar_day3_ROS2/tf2_practice_ws/install/tf2_broadcaster
[2.756s] Invoking command in '/home/pyo/02_Work/04_Cpp/mcc_seminar/seminar_day3_ROS2/tf2_practice_ws/build/tf2_broadcaster': CMAKE_PREFIX_PATH=/opt/ros/humble /usr/bin/cmake --build /home/pyo/02_Work/04_Cpp/mcc_seminar/seminar_day3_ROS2/tf2_practice_ws/build/tf2_broadcaster -- -j18 -l18
[2.814s] Invoked command in '/home/pyo/02_Work/04_Cpp/mcc_seminar/seminar_day3_ROS2/tf2_practice_ws/build/tf2_broadcaster' returned '0': CMAKE_PREFIX_PATH=/opt/ros/humble /usr/bin/cmake --build /home/pyo/02_Work/04_Cpp/mcc_seminar/seminar_day3_ROS2/tf2_practice_ws/build/tf2_broadcaster -- -j18 -l18
[2.832s] Invoking command in '/home/pyo/02_Work/04_Cpp/mcc_seminar/seminar_day3_ROS2/tf2_practice_ws/build/tf2_broadcaster': CMAKE_PREFIX_PATH=/opt/ros/humble /usr/bin/cmake --install /home/pyo/02_Work/04_Cpp/mcc_seminar/seminar_day3_ROS2/tf2_practice_ws/build/tf2_broadcaster
[2.842s] -- Install configuration: ""
[2.845s] -- Installing: /home/pyo/02_Work/04_Cpp/mcc_seminar/seminar_day3_ROS2/tf2_practice_ws/install/tf2_broadcaster/share/ament_index/resource_index/package_run_dependencies/tf2_broadcaster
[2.846s] -- Installing: /home/pyo/02_Work/04_Cpp/mcc_seminar/seminar_day3_ROS2/tf2_practice_ws/install/tf2_broadcaster/share/ament_index/resource_index/parent_prefix_path/tf2_broadcaster
[2.847s] -- Installing: /home/pyo/02_Work/04_Cpp/mcc_seminar/seminar_day3_ROS2/tf2_practice_ws/install/tf2_broadcaster/share/tf2_broadcaster/environment/ament_prefix_path.sh
[2.847s] -- Installing: /home/pyo/02_Work/04_Cpp/mcc_seminar/seminar_day3_ROS2/tf2_practice_ws/install/tf2_broadcaster/share/tf2_broadcaster/environment/ament_prefix_path.dsv
[2.848s] -- Installing: /home/pyo/02_Work/04_Cpp/mcc_seminar/seminar_day3_ROS2/tf2_practice_ws/install/tf2_broadcaster/share/tf2_broadcaster/environment/path.sh
[2.848s] -- Installing: /home/pyo/02_Work/04_Cpp/mcc_seminar/seminar_day3_ROS2/tf2_practice_ws/install/tf2_broadcaster/share/tf2_broadcaster/environment/path.dsv
[2.848s] -- Installing: /home/pyo/02_Work/04_Cpp/mcc_seminar/seminar_day3_ROS2/tf2_practice_ws/install/tf2_broadcaster/share/tf2_broadcaster/local_setup.bash
[2.848s] -- Installing: /home/pyo/02_Work/04_Cpp/mcc_seminar/seminar_day3_ROS2/tf2_practice_ws/install/tf2_broadcaster/share/tf2_broadcaster/local_setup.sh
[2.849s] -- Installing: /home/pyo/02_Work/04_Cpp/mcc_seminar/seminar_day3_ROS2/tf2_practice_ws/install/tf2_broadcaster/share/tf2_broadcaster/local_setup.zsh
[2.849s] -- Installing: /home/pyo/02_Work/04_Cpp/mcc_seminar/seminar_day3_ROS2/tf2_practice_ws/install/tf2_broadcaster/share/tf2_broadcaster/local_setup.dsv
[2.849s] -- Installing: /home/pyo/02_Work/04_Cpp/mcc_seminar/seminar_day3_ROS2/tf2_practice_ws/install/tf2_broadcaster/share/tf2_broadcaster/package.dsv
[2.850s] -- Installing: /home/pyo/02_Work/04_Cpp/mcc_seminar/seminar_day3_ROS2/tf2_practice_ws/install/tf2_broadcaster/share/ament_index/resource_index/packages/tf2_broadcaster
[2.851s] -- Installing: /home/pyo/02_Work/04_Cpp/mcc_seminar/seminar_day3_ROS2/tf2_practice_ws/install/tf2_broadcaster/share/tf2_broadcaster/cmake/tf2_broadcasterConfig.cmake
[2.851s] -- Installing: /home/pyo/02_Work/04_Cpp/mcc_seminar/seminar_day3_ROS2/tf2_practice_ws/install/tf2_broadcaster/share/tf2_broadcaster/cmake/tf2_broadcasterConfig-version.cmake
[2.851s] -- Installing: /home/pyo/02_Work/04_Cpp/mcc_seminar/seminar_day3_ROS2/tf2_practice_ws/install/tf2_broadcaster/share/tf2_broadcaster/package.xml
[2.856s] Invoked command in '/home/pyo/02_Work/04_Cpp/mcc_seminar/seminar_day3_ROS2/tf2_practice_ws/build/tf2_broadcaster' returned '0': CMAKE_PREFIX_PATH=/opt/ros/humble /usr/bin/cmake --install /home/pyo/02_Work/04_Cpp/mcc_seminar/seminar_day3_ROS2/tf2_practice_ws/build/tf2_broadcaster
