[0.008s] Invoking command in '/home/pyo/02_Work/04_Cpp/mcc_seminar/seminar_day3_ROS2/urdf_practice_ws/build/open_manipulator_x_description': CMAKE_PREFIX_PATH=${CMAKE_PREFIX_PATH}:/opt/ros/humble /usr/bin/cmake /home/pyo/02_Work/04_Cpp/mcc_seminar/seminar_day3_ROS2/urdf_practice_ws/src/open_manipulator_x_description -DCMAKE_INSTALL_PREFIX=/home/pyo/02_Work/04_Cpp/mcc_seminar/seminar_day3_ROS2/urdf_practice_ws/install/open_manipulator_x_description
[0.090s] -- The C compiler identification is GNU 11.4.0
[0.438s] -- The CXX compiler identification is GNU 11.4.0
[0.672s] -- Detecting C compiler ABI info
[0.761s] -- Detecting C compiler ABI info - done
[0.766s] -- Check for working C compiler: /usr/bin/cc - skipped
[0.766s] -- Detecting C compile features
[0.766s] -- Detecting C compile features - done
[0.768s] -- Detecting CXX compiler ABI info
[0.881s] -- Detecting CXX compiler ABI info - done
[0.886s] -- Check for working CXX compiler: /usr/bin/c++ - skipped
[0.887s] -- Detecting CXX compile features
[0.887s] -- Detecting CXX compile features - done
[0.889s] -- Found ament_cmake: 1.3.12 (/opt/ros/humble/share/ament_cmake/cmake)
[1.019s] -- Found Python3: /usr/bin/python3 (found version "3.10.12") found components: Interpreter 
[1.169s] -- Configuring done
[1.172s] -- Generating done
[1.173s] -- Build files have been written to: /home/pyo/02_Work/04_Cpp/mcc_seminar/seminar_day3_ROS2/urdf_practice_ws/build/open_manipulator_x_description
[1.180s] Invoked command in '/home/pyo/02_Work/04_Cpp/mcc_seminar/seminar_day3_ROS2/urdf_practice_ws/build/open_manipulator_x_description' returned '0': CMAKE_PREFIX_PATH=${CMAKE_PREFIX_PATH}:/opt/ros/humble /usr/bin/cmake /home/pyo/02_Work/04_Cpp/mcc_seminar/seminar_day3_ROS2/urdf_practice_ws/src/open_manipulator_x_description -DCMAKE_INSTALL_PREFIX=/home/pyo/02_Work/04_Cpp/mcc_seminar/seminar_day3_ROS2/urdf_practice_ws/install/open_manipulator_x_description
[1.180s] Invoking command in '/home/pyo/02_Work/04_Cpp/mcc_seminar/seminar_day3_ROS2/urdf_practice_ws/build/open_manipulator_x_description': CMAKE_PREFIX_PATH=${CMAKE_PREFIX_PATH}:/opt/ros/humble /usr/bin/cmake --build /home/pyo/02_Work/04_Cpp/mcc_seminar/seminar_day3_ROS2/urdf_practice_ws/build/open_manipulator_x_description -- -j18 -l18
[1.213s] Invoked command in '/home/pyo/02_Work/04_Cpp/mcc_seminar/seminar_day3_ROS2/urdf_practice_ws/build/open_manipulator_x_description' returned '0': CMAKE_PREFIX_PATH=${CMAKE_PREFIX_PATH}:/opt/ros/humble /usr/bin/cmake --build /home/pyo/02_Work/04_Cpp/mcc_seminar/seminar_day3_ROS2/urdf_practice_ws/build/open_manipulator_x_description -- -j18 -l18
[1.228s] Invoking command in '/home/pyo/02_Work/04_Cpp/mcc_seminar/seminar_day3_ROS2/urdf_practice_ws/build/open_manipulator_x_description': CMAKE_PREFIX_PATH=${CMAKE_PREFIX_PATH}:/opt/ros/humble /usr/bin/cmake --install /home/pyo/02_Work/04_Cpp/mcc_seminar/seminar_day3_ROS2/urdf_practice_ws/build/open_manipulator_x_description
[1.237s] -- Install configuration: ""
[1.237s] -- Installing: /home/pyo/02_Work/04_Cpp/mcc_seminar/seminar_day3_ROS2/urdf_practice_ws/install/open_manipulator_x_description/share/open_manipulator_x_description/launch
[1.238s] -- Installing: /home/pyo/02_Work/04_Cpp/mcc_seminar/seminar_day3_ROS2/urdf_practice_ws/install/open_manipulator_x_description/share/open_manipulator_x_description/launch/view_robot.launch.py
[1.238s] -- Installing: /home/pyo/02_Work/04_Cpp/mcc_seminar/seminar_day3_ROS2/urdf_practice_ws/install/open_manipulator_x_description/share/open_manipulator_x_description/urdf
[1.238s] -- Installing: /home/pyo/02_Work/04_Cpp/mcc_seminar/seminar_day3_ROS2/urdf_practice_ws/install/open_manipulator_x_description/share/open_manipulator_x_description/urdf/robot.urdf.xacro
[1.239s] -- Installing: /home/pyo/02_Work/04_Cpp/mcc_seminar/seminar_day3_ROS2/urdf_practice_ws/install/open_manipulator_x_description/share/open_manipulator_x_description/meshes
[1.239s] -- Installing: /home/pyo/02_Work/04_Cpp/mcc_seminar/seminar_day3_ROS2/urdf_practice_ws/install/open_manipulator_x_description/share/open_manipulator_x_description/meshes/link5.stl
[1.240s] -- Installing: /home/pyo/02_Work/04_Cpp/mcc_seminar/seminar_day3_ROS2/urdf_practice_ws/install/open_manipulator_x_description/share/open_manipulator_x_description/meshes/gripper_left_palm.stl
[1.240s] -- Installing: /home/pyo/02_Work/04_Cpp/mcc_seminar/seminar_day3_ROS2/urdf_practice_ws/install/open_manipulator_x_description/share/open_manipulator_x_description/meshes/Plate.stl
[1.241s] -- Installing: /home/pyo/02_Work/04_Cpp/mcc_seminar/seminar_day3_ROS2/urdf_practice_ws/install/open_manipulator_x_description/share/open_manipulator_x_description/meshes/gripper_right_palm.stl
[1.241s] -- Installing: /home/pyo/02_Work/04_Cpp/mcc_seminar/seminar_day3_ROS2/urdf_practice_ws/install/open_manipulator_x_description/share/open_manipulator_x_description/meshes/link3.stl
[1.243s] -- Installing: /home/pyo/02_Work/04_Cpp/mcc_seminar/seminar_day3_ROS2/urdf_practice_ws/install/open_manipulator_x_description/share/open_manipulator_x_description/meshes/link4.stl
[1.244s] -- Installing: /home/pyo/02_Work/04_Cpp/mcc_seminar/seminar_day3_ROS2/urdf_practice_ws/install/open_manipulator_x_description/share/open_manipulator_x_description/meshes/link2.stl
[1.244s] -- Installing: /home/pyo/02_Work/04_Cpp/mcc_seminar/seminar_day3_ROS2/urdf_practice_ws/install/open_manipulator_x_description/share/open_manipulator_x_description/meshes/link1.stl
[1.246s] -- Installing: /home/pyo/02_Work/04_Cpp/mcc_seminar/seminar_day3_ROS2/urdf_practice_ws/install/open_manipulator_x_description/share/ament_index/resource_index/package_run_dependencies/open_manipulator_x_description
[1.247s] -- Installing: /home/pyo/02_Work/04_Cpp/mcc_seminar/seminar_day3_ROS2/urdf_practice_ws/install/open_manipulator_x_description/share/ament_index/resource_index/parent_prefix_path/open_manipulator_x_description
[1.247s] -- Installing: /home/pyo/02_Work/04_Cpp/mcc_seminar/seminar_day3_ROS2/urdf_practice_ws/install/open_manipulator_x_description/share/open_manipulator_x_description/environment/ament_prefix_path.sh
[1.247s] -- Installing: /home/pyo/02_Work/04_Cpp/mcc_seminar/seminar_day3_ROS2/urdf_practice_ws/install/open_manipulator_x_description/share/open_manipulator_x_description/environment/ament_prefix_path.dsv
[1.248s] -- Installing: /home/pyo/02_Work/04_Cpp/mcc_seminar/seminar_day3_ROS2/urdf_practice_ws/install/open_manipulator_x_description/share/open_manipulator_x_description/environment/path.sh
[1.248s] -- Installing: /home/pyo/02_Work/04_Cpp/mcc_seminar/seminar_day3_ROS2/urdf_practice_ws/install/open_manipulator_x_description/share/open_manipulator_x_description/environment/path.dsv
[1.248s] -- Installing: /home/pyo/02_Work/04_Cpp/mcc_seminar/seminar_day3_ROS2/urdf_practice_ws/install/open_manipulator_x_description/share/open_manipulator_x_description/local_setup.bash
[1.248s] -- Installing: /home/pyo/02_Work/04_Cpp/mcc_seminar/seminar_day3_ROS2/urdf_practice_ws/install/open_manipulator_x_description/share/open_manipulator_x_description/local_setup.sh
[1.249s] -- Installing: /home/pyo/02_Work/04_Cpp/mcc_seminar/seminar_day3_ROS2/urdf_practice_ws/install/open_manipulator_x_description/share/open_manipulator_x_description/local_setup.zsh
[1.249s] -- Installing: /home/pyo/02_Work/04_Cpp/mcc_seminar/seminar_day3_ROS2/urdf_practice_ws/install/open_manipulator_x_description/share/open_manipulator_x_description/local_setup.dsv
[1.249s] -- Installing: /home/pyo/02_Work/04_Cpp/mcc_seminar/seminar_day3_ROS2/urdf_practice_ws/install/open_manipulator_x_description/share/open_manipulator_x_description/package.dsv
[1.249s] -- Installing: /home/pyo/02_Work/04_Cpp/mcc_seminar/seminar_day3_ROS2/urdf_practice_ws/install/open_manipulator_x_description/share/ament_index/resource_index/packages/open_manipulator_x_description
[1.249s] -- Installing: /home/pyo/02_Work/04_Cpp/mcc_seminar/seminar_day3_ROS2/urdf_practice_ws/install/open_manipulator_x_description/share/open_manipulator_x_description/cmake/open_manipulator_x_descriptionConfig.cmake
[1.249s] -- Installing: /home/pyo/02_Work/04_Cpp/mcc_seminar/seminar_day3_ROS2/urdf_practice_ws/install/open_manipulator_x_description/share/open_manipulator_x_description/cmake/open_manipulator_x_descriptionConfig-version.cmake
[1.250s] -- Installing: /home/pyo/02_Work/04_Cpp/mcc_seminar/seminar_day3_ROS2/urdf_practice_ws/install/open_manipulator_x_description/share/open_manipulator_x_description/package.xml
[1.252s] Invoked command in '/home/pyo/02_Work/04_Cpp/mcc_seminar/seminar_day3_ROS2/urdf_practice_ws/build/open_manipulator_x_description' returned '0': CMAKE_PREFIX_PATH=${CMAKE_PREFIX_PATH}:/opt/ros/humble /usr/bin/cmake --install /home/pyo/02_Work/04_Cpp/mcc_seminar/seminar_day3_ROS2/urdf_practice_ws/build/open_manipulator_x_description
