[0.562s] DEBUG:colcon:Command line arguments: ['/usr/bin/colcon', 'build']
[0.563s] DEBUG:colcon:Parsed command line arguments: Namespace(log_base=None, log_level=None, verb_name='build', build_base='build', install_base='install', merge_install=False, symlink_install=False, test_result_base=None, continue_on_error=False, executor='parallel', parallel_workers=18, event_handlers=None, ignore_user_meta=False, metas=['./colcon.meta'], base_paths=['.'], packages_ignore=None, packages_ignore_regex=None, paths=None, packages_up_to=None, packages_up_to_regex=None, packages_above=None, packages_above_and_dependencies=None, packages_above_depth=None, packages_select_by_dep=None, packages_skip_by_dep=None, packages_skip_up_to=None, packages_select_build_failed=False, packages_skip_build_finished=False, packages_select_test_failures=False, packages_skip_test_passed=False, packages_select=None, packages_skip=None, packages_select_regex=None, packages_skip_regex=None, packages_start=None, packages_end=None, allow_overriding=[], cmake_args=None, cmake_target=None, cmake_target_skip_unavailable=False, cmake_clean_cache=False, cmake_clean_first=False, cmake_force_configure=False, ament_cmake_args=None, catkin_cmake_args=None, catkin_skip_building_tests=False, mixin_files=None, mixin=None, verb_parser=<colcon_mixin.mixin.mixin_argument.MixinArgumentDecorator object at 0x7f012d14e4a0>, verb_extension=<colcon_core.verb.build.BuildVerb object at 0x7f012d2d7a00>, main=<bound method BuildVerb.main of <colcon_core.verb.build.BuildVerb object at 0x7f012d2d7a00>>, mixin_verb=('build',))
[1.172s] Level 1:colcon.colcon_core.package_discovery:discover_packages(colcon_meta) check parameters
[1.172s] Level 1:colcon.colcon_core.package_discovery:discover_packages(recursive) check parameters
[1.172s] Level 1:colcon.colcon_core.package_discovery:discover_packages(ignore) check parameters
[1.172s] Level 1:colcon.colcon_core.package_discovery:discover_packages(path) check parameters
[1.172s] Level 1:colcon.colcon_core.package_discovery:discover_packages(colcon_meta) discover
[1.172s] Level 1:colcon.colcon_core.package_discovery:discover_packages(recursive) discover
[1.173s] INFO:colcon.colcon_core.package_discovery:Crawling recursively for packages in '/home/pyo/02_Work/04_Cpp/mcc_seminar/seminar_day2_ROS2/ros2_tutorial'
[1.173s] Level 1:colcon.colcon_core.package_identification:_identify(.) by extensions ['ignore', 'ignore_ament_install']
[1.173s] Level 1:colcon.colcon_core.package_identification:_identify(.) by extension 'ignore'
[1.173s] Level 1:colcon.colcon_core.package_identification:_identify(.) by extension 'ignore_ament_install'
[1.173s] Level 1:colcon.colcon_core.package_identification:_identify(.) by extensions ['colcon_pkg']
[1.173s] Level 1:colcon.colcon_core.package_identification:_identify(.) by extension 'colcon_pkg'
[1.173s] Level 1:colcon.colcon_core.package_identification:_identify(.) by extensions ['colcon_meta']
[1.173s] Level 1:colcon.colcon_core.package_identification:_identify(.) by extension 'colcon_meta'
[1.173s] Level 1:colcon.colcon_core.package_identification:_identify(.) by extensions ['ros']
[1.173s] Level 1:colcon.colcon_core.package_identification:_identify(.) by extension 'ros'
[1.190s] Level 1:colcon.colcon_core.package_identification:_identify(.) by extensions ['cmake', 'python']
[1.190s] Level 1:colcon.colcon_core.package_identification:_identify(.) by extension 'cmake'
[1.191s] Level 1:colcon.colcon_core.package_identification:_identify(.) by extension 'python'
[1.191s] Level 1:colcon.colcon_core.package_identification:_identify(.) by extensions ['python_setup_py']
[1.191s] Level 1:colcon.colcon_core.package_identification:_identify(.) by extension 'python_setup_py'
[1.191s] Level 1:colcon.colcon_core.package_identification:_identify(build) by extensions ['ignore', 'ignore_ament_install']
[1.191s] Level 1:colcon.colcon_core.package_identification:_identify(build) by extension 'ignore'
[1.191s] Level 1:colcon.colcon_core.package_identification:_identify(build) ignored
[1.191s] Level 1:colcon.colcon_core.package_identification:_identify(install) by extensions ['ignore', 'ignore_ament_install']
[1.191s] Level 1:colcon.colcon_core.package_identification:_identify(install) by extension 'ignore'
[1.191s] Level 1:colcon.colcon_core.package_identification:_identify(install) ignored
[1.191s] Level 1:colcon.colcon_core.package_identification:_identify(log) by extensions ['ignore', 'ignore_ament_install']
[1.192s] Level 1:colcon.colcon_core.package_identification:_identify(log) by extension 'ignore'
[1.192s] Level 1:colcon.colcon_core.package_identification:_identify(log) ignored
[1.192s] Level 1:colcon.colcon_core.package_identification:_identify(src) by extensions ['ignore', 'ignore_ament_install']
[1.192s] Level 1:colcon.colcon_core.package_identification:_identify(src) by extension 'ignore'
[1.192s] Level 1:colcon.colcon_core.package_identification:_identify(src) by extension 'ignore_ament_install'
[1.192s] Level 1:colcon.colcon_core.package_identification:_identify(src) by extensions ['colcon_pkg']
[1.192s] Level 1:colcon.colcon_core.package_identification:_identify(src) by extension 'colcon_pkg'
[1.192s] Level 1:colcon.colcon_core.package_identification:_identify(src) by extensions ['colcon_meta']
[1.192s] Level 1:colcon.colcon_core.package_identification:_identify(src) by extension 'colcon_meta'
[1.192s] Level 1:colcon.colcon_core.package_identification:_identify(src) by extensions ['ros']
[1.192s] Level 1:colcon.colcon_core.package_identification:_identify(src) by extension 'ros'
[1.192s] Level 1:colcon.colcon_core.package_identification:_identify(src) by extensions ['cmake', 'python']
[1.192s] Level 1:colcon.colcon_core.package_identification:_identify(src) by extension 'cmake'
[1.192s] Level 1:colcon.colcon_core.package_identification:_identify(src) by extension 'python'
[1.192s] Level 1:colcon.colcon_core.package_identification:_identify(src) by extensions ['python_setup_py']
[1.192s] Level 1:colcon.colcon_core.package_identification:_identify(src) by extension 'python_setup_py'
[1.192s] Level 1:colcon.colcon_core.package_identification:_identify(src/cpp_pubsub) by extensions ['ignore', 'ignore_ament_install']
[1.192s] Level 1:colcon.colcon_core.package_identification:_identify(src/cpp_pubsub) by extension 'ignore'
[1.193s] Level 1:colcon.colcon_core.package_identification:_identify(src/cpp_pubsub) by extension 'ignore_ament_install'
[1.193s] Level 1:colcon.colcon_core.package_identification:_identify(src/cpp_pubsub) by extensions ['colcon_pkg']
[1.193s] Level 1:colcon.colcon_core.package_identification:_identify(src/cpp_pubsub) by extension 'colcon_pkg'
[1.193s] Level 1:colcon.colcon_core.package_identification:_identify(src/cpp_pubsub) by extensions ['colcon_meta']
[1.193s] Level 1:colcon.colcon_core.package_identification:_identify(src/cpp_pubsub) by extension 'colcon_meta'
[1.193s] Level 1:colcon.colcon_core.package_identification:_identify(src/cpp_pubsub) by extensions ['ros']
[1.193s] Level 1:colcon.colcon_core.package_identification:_identify(src/cpp_pubsub) by extension 'ros'
[1.202s] DEBUG:colcon.colcon_core.package_identification:Package 'src/cpp_pubsub' with type 'ros.ament_cmake' and name 'cpp_pubsub'
[1.203s] Level 1:colcon.colcon_core.package_discovery:discover_packages(recursive) using defaults
[1.203s] Level 1:colcon.colcon_core.package_discovery:discover_packages(ignore) discover
[1.203s] Level 1:colcon.colcon_core.package_discovery:discover_packages(ignore) using defaults
[1.203s] Level 1:colcon.colcon_core.package_discovery:discover_packages(path) discover
[1.203s] Level 1:colcon.colcon_core.package_discovery:discover_packages(path) using defaults
[1.270s] Level 1:colcon.colcon_core.package_discovery:discover_packages(prefix_path) check parameters
[1.270s] Level 1:colcon.colcon_core.package_discovery:discover_packages(prefix_path) discover
[1.278s] DEBUG:colcon.colcon_installed_package_information.package_discovery:Found 472 installed packages in /opt/ros/humble
[1.281s] Level 1:colcon.colcon_core.package_discovery:discover_packages(prefix_path) using defaults
[1.501s] Level 5:colcon.colcon_core.verb:set package 'cpp_pubsub' build argument 'cmake_args' from command line to 'None'
[1.501s] Level 5:colcon.colcon_core.verb:set package 'cpp_pubsub' build argument 'cmake_target' from command line to 'None'
[1.501s] Level 5:colcon.colcon_core.verb:set package 'cpp_pubsub' build argument 'cmake_target_skip_unavailable' from command line to 'False'
[1.501s] Level 5:colcon.colcon_core.verb:set package 'cpp_pubsub' build argument 'cmake_clean_cache' from command line to 'False'
[1.502s] Level 5:colcon.colcon_core.verb:set package 'cpp_pubsub' build argument 'cmake_clean_first' from command line to 'False'
[1.502s] Level 5:colcon.colcon_core.verb:set package 'cpp_pubsub' build argument 'cmake_force_configure' from command line to 'False'
[1.502s] Level 5:colcon.colcon_core.verb:set package 'cpp_pubsub' build argument 'ament_cmake_args' from command line to 'None'
[1.502s] Level 5:colcon.colcon_core.verb:set package 'cpp_pubsub' build argument 'catkin_cmake_args' from command line to 'None'
[1.502s] Level 5:colcon.colcon_core.verb:set package 'cpp_pubsub' build argument 'catkin_skip_building_tests' from command line to 'False'
[1.502s] DEBUG:colcon.colcon_core.verb:Building package 'cpp_pubsub' with the following arguments: {'ament_cmake_args': None, 'build_base': '/home/pyo/02_Work/04_Cpp/mcc_seminar/seminar_day2_ROS2/ros2_tutorial/build/cpp_pubsub', 'catkin_cmake_args': None, 'catkin_skip_building_tests': False, 'cmake_args': None, 'cmake_clean_cache': False, 'cmake_clean_first': False, 'cmake_force_configure': False, 'cmake_target': None, 'cmake_target_skip_unavailable': False, 'install_base': '/home/pyo/02_Work/04_Cpp/mcc_seminar/seminar_day2_ROS2/ros2_tutorial/install/cpp_pubsub', 'merge_install': False, 'path': '/home/pyo/02_Work/04_Cpp/mcc_seminar/seminar_day2_ROS2/ros2_tutorial/src/cpp_pubsub', 'symlink_install': False, 'test_result_base': None}
[1.502s] INFO:colcon.colcon_core.executor:Executing jobs using 'parallel' executor
[1.504s] DEBUG:colcon.colcon_parallel_executor.executor.parallel:run_until_complete
[1.505s] INFO:colcon.colcon_ros.task.ament_cmake.build:Building ROS package in '/home/pyo/02_Work/04_Cpp/mcc_seminar/seminar_day2_ROS2/ros2_tutorial/src/cpp_pubsub' with build type 'ament_cmake'
[1.505s] INFO:colcon.colcon_cmake.task.cmake.build:Building CMake package in '/home/pyo/02_Work/04_Cpp/mcc_seminar/seminar_day2_ROS2/ros2_tutorial/src/cpp_pubsub'
[1.518s] INFO:colcon.colcon_core.plugin_system:Skipping extension 'colcon_core.shell.bat': Not used on non-Windows systems
[1.519s] INFO:colcon.colcon_core.shell:Skip shell extension 'powershell' for command environment: Not usable outside of PowerShell
[1.519s] DEBUG:colcon.colcon_core.shell:Skip shell extension 'dsv' for command environment
[1.533s] DEBUG:colcon.colcon_core.event_handler.log_command:Invoking command in '/home/pyo/02_Work/04_Cpp/mcc_seminar/seminar_day2_ROS2/ros2_tutorial/build/cpp_pubsub': CMAKE_PREFIX_PATH=/opt/ros/humble /usr/bin/cmake /home/pyo/02_Work/04_Cpp/mcc_seminar/seminar_day2_ROS2/ros2_tutorial/src/cpp_pubsub -DCMAKE_INSTALL_PREFIX=/home/pyo/02_Work/04_Cpp/mcc_seminar/seminar_day2_ROS2/ros2_tutorial/install/cpp_pubsub
[3.873s] DEBUG:colcon.colcon_core.event_handler.log_command:Invoked command in '/home/pyo/02_Work/04_Cpp/mcc_seminar/seminar_day2_ROS2/ros2_tutorial/build/cpp_pubsub' returned '0': CMAKE_PREFIX_PATH=/opt/ros/humble /usr/bin/cmake /home/pyo/02_Work/04_Cpp/mcc_seminar/seminar_day2_ROS2/ros2_tutorial/src/cpp_pubsub -DCMAKE_INSTALL_PREFIX=/home/pyo/02_Work/04_Cpp/mcc_seminar/seminar_day2_ROS2/ros2_tutorial/install/cpp_pubsub
[3.876s] DEBUG:colcon.colcon_core.event_handler.log_command:Invoking command in '/home/pyo/02_Work/04_Cpp/mcc_seminar/seminar_day2_ROS2/ros2_tutorial/build/cpp_pubsub': CMAKE_PREFIX_PATH=/opt/ros/humble /usr/bin/cmake --build /home/pyo/02_Work/04_Cpp/mcc_seminar/seminar_day2_ROS2/ros2_tutorial/build/cpp_pubsub -- -j18 -l18
[3.925s] DEBUG:colcon.colcon_core.event_handler.log_command:Invoked command in '/home/pyo/02_Work/04_Cpp/mcc_seminar/seminar_day2_ROS2/ros2_tutorial/build/cpp_pubsub' returned '0': CMAKE_PREFIX_PATH=/opt/ros/humble /usr/bin/cmake --build /home/pyo/02_Work/04_Cpp/mcc_seminar/seminar_day2_ROS2/ros2_tutorial/build/cpp_pubsub -- -j18 -l18
[3.944s] DEBUG:colcon.colcon_core.event_handler.log_command:Invoking command in '/home/pyo/02_Work/04_Cpp/mcc_seminar/seminar_day2_ROS2/ros2_tutorial/build/cpp_pubsub': CMAKE_PREFIX_PATH=/opt/ros/humble /usr/bin/cmake --install /home/pyo/02_Work/04_Cpp/mcc_seminar/seminar_day2_ROS2/ros2_tutorial/build/cpp_pubsub
[3.966s] Level 1:colcon.colcon_core.environment:create_environment_scripts_only(cpp_pubsub)
[3.971s] DEBUG:colcon.colcon_core.event_handler.log_command:Invoked command in '/home/pyo/02_Work/04_Cpp/mcc_seminar/seminar_day2_ROS2/ros2_tutorial/build/cpp_pubsub' returned '0': CMAKE_PREFIX_PATH=/opt/ros/humble /usr/bin/cmake --install /home/pyo/02_Work/04_Cpp/mcc_seminar/seminar_day2_ROS2/ros2_tutorial/build/cpp_pubsub
[3.984s] Level 1:colcon.colcon_core.environment:checking '/home/pyo/02_Work/04_Cpp/mcc_seminar/seminar_day2_ROS2/ros2_tutorial/install/cpp_pubsub' for CMake module files
[3.985s] Level 1:colcon.colcon_core.environment:checking '/home/pyo/02_Work/04_Cpp/mcc_seminar/seminar_day2_ROS2/ros2_tutorial/install/cpp_pubsub' for CMake config files
[3.985s] Level 1:colcon.colcon_core.shell:create_environment_hook('cpp_pubsub', 'cmake_prefix_path')
[3.985s] INFO:colcon.colcon_core.shell:Creating environment hook '/home/pyo/02_Work/04_Cpp/mcc_seminar/seminar_day2_ROS2/ros2_tutorial/install/cpp_pubsub/share/cpp_pubsub/hook/cmake_prefix_path.ps1'
[3.988s] INFO:colcon.colcon_core.shell:Creating environment descriptor '/home/pyo/02_Work/04_Cpp/mcc_seminar/seminar_day2_ROS2/ros2_tutorial/install/cpp_pubsub/share/cpp_pubsub/hook/cmake_prefix_path.dsv'
[3.989s] INFO:colcon.colcon_core.shell:Creating environment hook '/home/pyo/02_Work/04_Cpp/mcc_seminar/seminar_day2_ROS2/ros2_tutorial/install/cpp_pubsub/share/cpp_pubsub/hook/cmake_prefix_path.sh'
[3.990s] Level 1:colcon.colcon_core.environment:checking '/home/pyo/02_Work/04_Cpp/mcc_seminar/seminar_day2_ROS2/ros2_tutorial/install/cpp_pubsub/bin'
[3.990s] Level 1:colcon.colcon_core.environment:checking '/home/pyo/02_Work/04_Cpp/mcc_seminar/seminar_day2_ROS2/ros2_tutorial/install/cpp_pubsub/lib/pkgconfig/cpp_pubsub.pc'
[3.991s] Level 1:colcon.colcon_core.environment:checking '/home/pyo/02_Work/04_Cpp/mcc_seminar/seminar_day2_ROS2/ros2_tutorial/install/cpp_pubsub/lib/python3.10/site-packages'
[3.991s] Level 1:colcon.colcon_core.environment:checking '/home/pyo/02_Work/04_Cpp/mcc_seminar/seminar_day2_ROS2/ros2_tutorial/install/cpp_pubsub/bin'
[3.992s] INFO:colcon.colcon_core.shell:Creating package script '/home/pyo/02_Work/04_Cpp/mcc_seminar/seminar_day2_ROS2/ros2_tutorial/install/cpp_pubsub/share/cpp_pubsub/package.ps1'
[3.994s] INFO:colcon.colcon_core.shell:Creating package descriptor '/home/pyo/02_Work/04_Cpp/mcc_seminar/seminar_day2_ROS2/ros2_tutorial/install/cpp_pubsub/share/cpp_pubsub/package.dsv'
[3.995s] INFO:colcon.colcon_core.shell:Creating package script '/home/pyo/02_Work/04_Cpp/mcc_seminar/seminar_day2_ROS2/ros2_tutorial/install/cpp_pubsub/share/cpp_pubsub/package.sh'
[3.997s] INFO:colcon.colcon_core.shell:Creating package script '/home/pyo/02_Work/04_Cpp/mcc_seminar/seminar_day2_ROS2/ros2_tutorial/install/cpp_pubsub/share/cpp_pubsub/package.bash'
[3.998s] INFO:colcon.colcon_core.shell:Creating package script '/home/pyo/02_Work/04_Cpp/mcc_seminar/seminar_day2_ROS2/ros2_tutorial/install/cpp_pubsub/share/cpp_pubsub/package.zsh'
[4.001s] Level 1:colcon.colcon_core.environment:create_file_with_runtime_dependencies(/home/pyo/02_Work/04_Cpp/mcc_seminar/seminar_day2_ROS2/ros2_tutorial/install/cpp_pubsub/share/colcon-core/packages/cpp_pubsub)
[4.002s] Level 1:colcon.colcon_core.environment:create_environment_scripts_only(cpp_pubsub)
[4.002s] Level 1:colcon.colcon_core.environment:checking '/home/pyo/02_Work/04_Cpp/mcc_seminar/seminar_day2_ROS2/ros2_tutorial/install/cpp_pubsub' for CMake module files
[4.003s] Level 1:colcon.colcon_core.environment:checking '/home/pyo/02_Work/04_Cpp/mcc_seminar/seminar_day2_ROS2/ros2_tutorial/install/cpp_pubsub' for CMake config files
[4.003s] Level 1:colcon.colcon_core.shell:create_environment_hook('cpp_pubsub', 'cmake_prefix_path')
[4.003s] INFO:colcon.colcon_core.shell:Creating environment hook '/home/pyo/02_Work/04_Cpp/mcc_seminar/seminar_day2_ROS2/ros2_tutorial/install/cpp_pubsub/share/cpp_pubsub/hook/cmake_prefix_path.ps1'
[4.004s] INFO:colcon.colcon_core.shell:Creating environment descriptor '/home/pyo/02_Work/04_Cpp/mcc_seminar/seminar_day2_ROS2/ros2_tutorial/install/cpp_pubsub/share/cpp_pubsub/hook/cmake_prefix_path.dsv'
[4.004s] INFO:colcon.colcon_core.shell:Creating environment hook '/home/pyo/02_Work/04_Cpp/mcc_seminar/seminar_day2_ROS2/ros2_tutorial/install/cpp_pubsub/share/cpp_pubsub/hook/cmake_prefix_path.sh'
[4.005s] Level 1:colcon.colcon_core.environment:checking '/home/pyo/02_Work/04_Cpp/mcc_seminar/seminar_day2_ROS2/ros2_tutorial/install/cpp_pubsub/bin'
[4.005s] Level 1:colcon.colcon_core.environment:checking '/home/pyo/02_Work/04_Cpp/mcc_seminar/seminar_day2_ROS2/ros2_tutorial/install/cpp_pubsub/lib/pkgconfig/cpp_pubsub.pc'
[4.005s] Level 1:colcon.colcon_core.environment:checking '/home/pyo/02_Work/04_Cpp/mcc_seminar/seminar_day2_ROS2/ros2_tutorial/install/cpp_pubsub/lib/python3.10/site-packages'
[4.006s] Level 1:colcon.colcon_core.environment:checking '/home/pyo/02_Work/04_Cpp/mcc_seminar/seminar_day2_ROS2/ros2_tutorial/install/cpp_pubsub/bin'
[4.006s] INFO:colcon.colcon_core.shell:Creating package script '/home/pyo/02_Work/04_Cpp/mcc_seminar/seminar_day2_ROS2/ros2_tutorial/install/cpp_pubsub/share/cpp_pubsub/package.ps1'
[4.007s] INFO:colcon.colcon_core.shell:Creating package descriptor '/home/pyo/02_Work/04_Cpp/mcc_seminar/seminar_day2_ROS2/ros2_tutorial/install/cpp_pubsub/share/cpp_pubsub/package.dsv'
[4.007s] INFO:colcon.colcon_core.shell:Creating package script '/home/pyo/02_Work/04_Cpp/mcc_seminar/seminar_day2_ROS2/ros2_tutorial/install/cpp_pubsub/share/cpp_pubsub/package.sh'
[4.008s] INFO:colcon.colcon_core.shell:Creating package script '/home/pyo/02_Work/04_Cpp/mcc_seminar/seminar_day2_ROS2/ros2_tutorial/install/cpp_pubsub/share/cpp_pubsub/package.bash'
[4.009s] INFO:colcon.colcon_core.shell:Creating package script '/home/pyo/02_Work/04_Cpp/mcc_seminar/seminar_day2_ROS2/ros2_tutorial/install/cpp_pubsub/share/cpp_pubsub/package.zsh'
[4.010s] Level 1:colcon.colcon_core.environment:create_file_with_runtime_dependencies(/home/pyo/02_Work/04_Cpp/mcc_seminar/seminar_day2_ROS2/ros2_tutorial/install/cpp_pubsub/share/colcon-core/packages/cpp_pubsub)
[4.010s] DEBUG:colcon.colcon_parallel_executor.executor.parallel:closing loop
[4.012s] DEBUG:colcon.colcon_parallel_executor.executor.parallel:loop closed
[4.013s] DEBUG:colcon.colcon_parallel_executor.executor.parallel:run_until_complete finished with '0'
[4.013s] DEBUG:colcon.colcon_core.event_reactor:joining thread
[4.073s] INFO:colcon.colcon_core.plugin_system:Skipping extension 'colcon_notification.desktop_notification.notify_send': Could not find 'notify-send'
[4.073s] INFO:colcon.colcon_core.plugin_system:Skipping extension 'colcon_notification.desktop_notification.terminal_notifier': Not used on non-Darwin systems
[4.074s] INFO:colcon.colcon_core.plugin_system:Skipping extension 'colcon_notification.desktop_notification.win32': Not used on non-Windows systems
[4.074s] INFO:colcon.colcon_notification.desktop_notification:Sending desktop notification using 'notify2'
[4.082s] DEBUG:colcon.colcon_notification.desktop_notification.notify2:Failed to initialize notify2: org.freedesktop.DBus.Error.ServiceUnknown: The name org.freedesktop.Notifications was not provided by any .service files
[4.082s] DEBUG:colcon.colcon_core.event_reactor:joined thread
[4.082s] INFO:colcon.colcon_core.shell:Creating prefix script '/home/pyo/02_Work/04_Cpp/mcc_seminar/seminar_day2_ROS2/ros2_tutorial/install/local_setup.ps1'
[4.084s] INFO:colcon.colcon_core.shell:Creating prefix util module '/home/pyo/02_Work/04_Cpp/mcc_seminar/seminar_day2_ROS2/ros2_tutorial/install/_local_setup_util_ps1.py'
[4.086s] INFO:colcon.colcon_core.shell:Creating prefix chain script '/home/pyo/02_Work/04_Cpp/mcc_seminar/seminar_day2_ROS2/ros2_tutorial/install/setup.ps1'
[4.087s] INFO:colcon.colcon_core.shell:Creating prefix script '/home/pyo/02_Work/04_Cpp/mcc_seminar/seminar_day2_ROS2/ros2_tutorial/install/local_setup.sh'
[4.088s] INFO:colcon.colcon_core.shell:Creating prefix util module '/home/pyo/02_Work/04_Cpp/mcc_seminar/seminar_day2_ROS2/ros2_tutorial/install/_local_setup_util_sh.py'
[4.089s] INFO:colcon.colcon_core.shell:Creating prefix chain script '/home/pyo/02_Work/04_Cpp/mcc_seminar/seminar_day2_ROS2/ros2_tutorial/install/setup.sh'
[4.090s] INFO:colcon.colcon_core.shell:Creating prefix script '/home/pyo/02_Work/04_Cpp/mcc_seminar/seminar_day2_ROS2/ros2_tutorial/install/local_setup.bash'
[4.091s] INFO:colcon.colcon_core.shell:Creating prefix chain script '/home/pyo/02_Work/04_Cpp/mcc_seminar/seminar_day2_ROS2/ros2_tutorial/install/setup.bash'
[4.093s] INFO:colcon.colcon_core.shell:Creating prefix script '/home/pyo/02_Work/04_Cpp/mcc_seminar/seminar_day2_ROS2/ros2_tutorial/install/local_setup.zsh'
[4.094s] INFO:colcon.colcon_core.shell:Creating prefix chain script '/home/pyo/02_Work/04_Cpp/mcc_seminar/seminar_day2_ROS2/ros2_tutorial/install/setup.zsh'
