[0.013s] Invoking command in '/home/pyo/02_Work/04_Cpp/mcc_seminar/seminar_day3_ROS2/tf2_practice_ws/build/tf2_broadcaster': CMAKE_PREFIX_PATH=${CMAKE_PREFIX_PATH}:/opt/ros/humble /usr/bin/cmake --build /home/pyo/02_Work/04_Cpp/mcc_seminar/seminar_day3_ROS2/tf2_practice_ws/build/tf2_broadcaster -- -j18 -l18
[0.047s] -- Found ament_cmake: 1.3.12 (/opt/ros/humble/share/ament_cmake/cmake)
[0.235s] -- Found rclcpp: 16.0.17 (/opt/ros/humble/share/rclcpp/cmake)
[0.744s] -- Found rosidl_generator_c: 3.1.8 (/opt/ros/humble/share/rosidl_generator_c/cmake)
[0.761s] -- Found rosidl_adapter: 3.1.8 (/opt/ros/humble/share/rosidl_adapter/cmake)
[0.785s] -- Found rosidl_generator_cpp: 3.1.8 (/opt/ros/humble/share/rosidl_generator_cpp/cmake)
[0.829s] -- Using all available rosidl_typesupport_c: rosidl_typesupport_fastrtps_c;rosidl_typesupport_introspection_c
[0.861s] -- Using all available rosidl_typesupport_cpp: rosidl_typesupport_fastrtps_cpp;rosidl_typesupport_introspection_cpp
[0.979s] -- Found rmw_implementation_cmake: 6.1.2 (/opt/ros/humble/share/rmw_implementation_cmake/cmake)
[0.988s] -- Found rmw_fastrtps_cpp: 6.2.9 (/opt/ros/humble/share/rmw_fastrtps_cpp/cmake)
[2.776s] -- Found OpenSSL: /usr/lib/x86_64-linux-gnu/libcrypto.so (found version "3.0.2")  
[4.373s] -- Found FastRTPS: /opt/ros/humble/include  
[7.454s] -- Using RMW implementation 'rmw_fastrtps_cpp' as default
[7.486s] -- Looking for pthread.h
[7.779s] -- Looking for pthread.h - found
[7.780s] -- Performing Test CMAKE_HAVE_LIBC_PTHREAD
[7.983s] -- Performing Test CMAKE_HAVE_LIBC_PTHREAD - Success
[7.983s] -- Found Threads: TRUE  
[8.111s] -- Found tf2_ros: 0.25.18 (/opt/ros/humble/share/tf2_ros/cmake)
[8.457s] -- Configuring done
[8.473s] -- Generating done
[8.479s] -- Build files have been written to: /home/pyo/02_Work/04_Cpp/mcc_seminar/seminar_day3_ROS2/tf2_practice_ws/build/tf2_broadcaster
[8.530s] [ 50%] [32mBuilding CXX object CMakeFiles/tf2_broadcaster.dir/src/tf2_broadcaster.cpp.o[0m
[15.185s] [100%] [32m[1mLinking CXX executable tf2_broadcaster[0m
[15.718s] [100%] Built target tf2_broadcaster
[15.737s] Invoked command in '/home/pyo/02_Work/04_Cpp/mcc_seminar/seminar_day3_ROS2/tf2_practice_ws/build/tf2_broadcaster' returned '0': CMAKE_PREFIX_PATH=${CMAKE_PREFIX_PATH}:/opt/ros/humble /usr/bin/cmake --build /home/pyo/02_Work/04_Cpp/mcc_seminar/seminar_day3_ROS2/tf2_practice_ws/build/tf2_broadcaster -- -j18 -l18
[15.749s] Invoking command in '/home/pyo/02_Work/04_Cpp/mcc_seminar/seminar_day3_ROS2/tf2_practice_ws/build/tf2_broadcaster': CMAKE_PREFIX_PATH=${CMAKE_PREFIX_PATH}:/opt/ros/humble /usr/bin/cmake --install /home/pyo/02_Work/04_Cpp/mcc_seminar/seminar_day3_ROS2/tf2_practice_ws/build/tf2_broadcaster
[15.758s] -- Install configuration: ""
[15.759s] -- Installing: /home/pyo/02_Work/04_Cpp/mcc_seminar/seminar_day3_ROS2/tf2_practice_ws/install/tf2_broadcaster/lib/tf2_broadcaster/tf2_broadcaster
[15.760s] -- Set runtime path of "/home/pyo/02_Work/04_Cpp/mcc_seminar/seminar_day3_ROS2/tf2_practice_ws/install/tf2_broadcaster/lib/tf2_broadcaster/tf2_broadcaster" to ""
[15.761s] -- Up-to-date: /home/pyo/02_Work/04_Cpp/mcc_seminar/seminar_day3_ROS2/tf2_practice_ws/install/tf2_broadcaster/share/ament_index/resource_index/package_run_dependencies/tf2_broadcaster
[15.761s] -- Installing: /home/pyo/02_Work/04_Cpp/mcc_seminar/seminar_day3_ROS2/tf2_practice_ws/install/tf2_broadcaster/share/ament_index/resource_index/parent_prefix_path/tf2_broadcaster
[15.761s] -- Up-to-date: /home/pyo/02_Work/04_Cpp/mcc_seminar/seminar_day3_ROS2/tf2_practice_ws/install/tf2_broadcaster/share/tf2_broadcaster/environment/ament_prefix_path.sh
[15.761s] -- Installing: /home/pyo/02_Work/04_Cpp/mcc_seminar/seminar_day3_ROS2/tf2_practice_ws/install/tf2_broadcaster/share/tf2_broadcaster/environment/ament_prefix_path.dsv
[15.761s] -- Up-to-date: /home/pyo/02_Work/04_Cpp/mcc_seminar/seminar_day3_ROS2/tf2_practice_ws/install/tf2_broadcaster/share/tf2_broadcaster/environment/path.sh
[15.761s] -- Installing: /home/pyo/02_Work/04_Cpp/mcc_seminar/seminar_day3_ROS2/tf2_practice_ws/install/tf2_broadcaster/share/tf2_broadcaster/environment/path.dsv
[15.762s] -- Up-to-date: /home/pyo/02_Work/04_Cpp/mcc_seminar/seminar_day3_ROS2/tf2_practice_ws/install/tf2_broadcaster/share/tf2_broadcaster/local_setup.bash
[15.762s] -- Up-to-date: /home/pyo/02_Work/04_Cpp/mcc_seminar/seminar_day3_ROS2/tf2_practice_ws/install/tf2_broadcaster/share/tf2_broadcaster/local_setup.sh
[15.762s] -- Up-to-date: /home/pyo/02_Work/04_Cpp/mcc_seminar/seminar_day3_ROS2/tf2_practice_ws/install/tf2_broadcaster/share/tf2_broadcaster/local_setup.zsh
[15.763s] -- Installing: /home/pyo/02_Work/04_Cpp/mcc_seminar/seminar_day3_ROS2/tf2_practice_ws/install/tf2_broadcaster/share/tf2_broadcaster/local_setup.dsv
[15.765s] -- Installing: /home/pyo/02_Work/04_Cpp/mcc_seminar/seminar_day3_ROS2/tf2_practice_ws/install/tf2_broadcaster/share/tf2_broadcaster/package.dsv
[15.765s] -- Up-to-date: /home/pyo/02_Work/04_Cpp/mcc_seminar/seminar_day3_ROS2/tf2_practice_ws/install/tf2_broadcaster/share/ament_index/resource_index/packages/tf2_broadcaster
[15.765s] -- Up-to-date: /home/pyo/02_Work/04_Cpp/mcc_seminar/seminar_day3_ROS2/tf2_practice_ws/install/tf2_broadcaster/share/tf2_broadcaster/cmake/tf2_broadcasterConfig.cmake
[15.765s] -- Up-to-date: /home/pyo/02_Work/04_Cpp/mcc_seminar/seminar_day3_ROS2/tf2_practice_ws/install/tf2_broadcaster/share/tf2_broadcaster/cmake/tf2_broadcasterConfig-version.cmake
[15.765s] -- Up-to-date: /home/pyo/02_Work/04_Cpp/mcc_seminar/seminar_day3_ROS2/tf2_practice_ws/install/tf2_broadcaster/share/tf2_broadcaster/package.xml
[15.769s] Invoked command in '/home/pyo/02_Work/04_Cpp/mcc_seminar/seminar_day3_ROS2/tf2_practice_ws/build/tf2_broadcaster' returned '0': CMAKE_PREFIX_PATH=${CMAKE_PREFIX_PATH}:/opt/ros/humble /usr/bin/cmake --install /home/pyo/02_Work/04_Cpp/mcc_seminar/seminar_day3_ROS2/tf2_practice_ws/build/tf2_broadcaster
