[0.014s] Invoking command in '/home/pyo/mcc_seminar_cpp/seminar_day3_ROS2/tf2_practice_ws/build/tf2_broadcaster': CMAKE_PREFIX_PATH=/opt/ros/humble /usr/bin/cmake /home/pyo/mcc_seminar_cpp/seminar_day3_ROS2/tf2_practice_ws/src/tf2_broadcaster -DCMAKE_INSTALL_PREFIX=/home/pyo/mcc_seminar_cpp/seminar_day3_ROS2/tf2_practice_ws/install/tf2_broadcaster
[0.133s] -- The C compiler identification is GNU 11.4.0
[0.223s] -- The CXX compiler identification is GNU 11.4.0
[0.235s] -- Detecting C compiler ABI info
[0.330s] -- Detecting C compiler ABI info - done
[0.339s] -- Check for working C compiler: /usr/bin/cc - skipped
[0.340s] -- Detecting C compile features
[0.341s] -- Detecting C compile features - done
[0.345s] -- Detecting CXX compiler ABI info
[0.447s] -- Detecting CXX compiler ABI info - done
[0.457s] -- Check for working CXX compiler: /usr/bin/c++ - skipped
[0.457s] -- Detecting CXX compile features
[0.458s] -- Detecting CXX compile features - done
[0.464s] -- Found ament_cmake: 1.3.12 (/opt/ros/humble/share/ament_cmake/cmake)
[0.671s] -- Found Python3: /usr/bin/python3 (found version "3.10.12") found components: Interpreter 
[0.797s] -- Found rclcpp: 16.0.17 (/opt/ros/humble/share/rclcpp/cmake)
[0.867s] -- Found rosidl_generator_c: 3.1.8 (/opt/ros/humble/share/rosidl_generator_c/cmake)
[0.875s] -- Found rosidl_adapter: 3.1.8 (/opt/ros/humble/share/rosidl_adapter/cmake)
[0.889s] -- Found rosidl_generator_cpp: 3.1.8 (/opt/ros/humble/share/rosidl_generator_cpp/cmake)
[0.907s] -- Using all available rosidl_typesupport_c: rosidl_typesupport_fastrtps_c;rosidl_typesupport_introspection_c
[0.930s] -- Using all available rosidl_typesupport_cpp: rosidl_typesupport_fastrtps_cpp;rosidl_typesupport_introspection_cpp
[0.996s] -- Found rmw_implementation_cmake: 6.1.2 (/opt/ros/humble/share/rmw_implementation_cmake/cmake)
[1.000s] -- Found rmw_fastrtps_cpp: 6.2.9 (/opt/ros/humble/share/rmw_fastrtps_cpp/cmake)
[1.111s] -- Found OpenSSL: /usr/lib/x86_64-linux-gnu/libcrypto.so (found version "3.0.2")  
[1.153s] -- Found FastRTPS: /opt/ros/humble/include  
[1.214s] -- Using RMW implementation 'rmw_fastrtps_cpp' as default
[1.228s] -- Looking for pthread.h
[1.323s] -- Looking for pthread.h - found
[1.323s] -- Performing Test CMAKE_HAVE_LIBC_PTHREAD
[1.418s] -- Performing Test CMAKE_HAVE_LIBC_PTHREAD - Success
[1.419s] -- Found Threads: TRUE  
[1.494s] -- Found tf2_ros: 0.25.18 (/opt/ros/humble/share/tf2_ros/cmake)
[1.712s] -- Configuring done
[1.726s] -- Generating done
[1.731s] -- Build files have been written to: /home/pyo/mcc_seminar_cpp/seminar_day3_ROS2/tf2_practice_ws/build/tf2_broadcaster
[1.745s] Invoked command in '/home/pyo/mcc_seminar_cpp/seminar_day3_ROS2/tf2_practice_ws/build/tf2_broadcaster' returned '0': CMAKE_PREFIX_PATH=/opt/ros/humble /usr/bin/cmake /home/pyo/mcc_seminar_cpp/seminar_day3_ROS2/tf2_practice_ws/src/tf2_broadcaster -DCMAKE_INSTALL_PREFIX=/home/pyo/mcc_seminar_cpp/seminar_day3_ROS2/tf2_practice_ws/install/tf2_broadcaster
[1.748s] Invoking command in '/home/pyo/mcc_seminar_cpp/seminar_day3_ROS2/tf2_practice_ws/build/tf2_broadcaster': CMAKE_PREFIX_PATH=/opt/ros/humble /usr/bin/cmake --build /home/pyo/mcc_seminar_cpp/seminar_day3_ROS2/tf2_practice_ws/build/tf2_broadcaster -- -j18 -l18
[1.818s] [ 50%] [32mBuilding CXX object CMakeFiles/tf2_broadcaster.dir/src/tf2_broadcaster.cpp.o[0m
[6.328s] [100%] [32m[1mLinking CXX executable tf2_broadcaster[0m
[6.619s] [100%] Built target tf2_broadcaster
[6.632s] Invoked command in '/home/pyo/mcc_seminar_cpp/seminar_day3_ROS2/tf2_practice_ws/build/tf2_broadcaster' returned '0': CMAKE_PREFIX_PATH=/opt/ros/humble /usr/bin/cmake --build /home/pyo/mcc_seminar_cpp/seminar_day3_ROS2/tf2_practice_ws/build/tf2_broadcaster -- -j18 -l18
[6.647s] Invoking command in '/home/pyo/mcc_seminar_cpp/seminar_day3_ROS2/tf2_practice_ws/build/tf2_broadcaster': CMAKE_PREFIX_PATH=/opt/ros/humble /usr/bin/cmake --install /home/pyo/mcc_seminar_cpp/seminar_day3_ROS2/tf2_practice_ws/build/tf2_broadcaster
[6.656s] -- Install configuration: ""
[6.657s] -- Installing: /home/pyo/mcc_seminar_cpp/seminar_day3_ROS2/tf2_practice_ws/install/tf2_broadcaster/lib/tf2_broadcaster/tf2_broadcaster
[6.658s] -- Set runtime path of "/home/pyo/mcc_seminar_cpp/seminar_day3_ROS2/tf2_practice_ws/install/tf2_broadcaster/lib/tf2_broadcaster/tf2_broadcaster" to ""
[6.658s] -- Installing: /home/pyo/mcc_seminar_cpp/seminar_day3_ROS2/tf2_practice_ws/install/tf2_broadcaster/share/ament_index/resource_index/package_run_dependencies/tf2_broadcaster
[6.658s] -- Installing: /home/pyo/mcc_seminar_cpp/seminar_day3_ROS2/tf2_practice_ws/install/tf2_broadcaster/share/ament_index/resource_index/parent_prefix_path/tf2_broadcaster
[6.658s] -- Installing: /home/pyo/mcc_seminar_cpp/seminar_day3_ROS2/tf2_practice_ws/install/tf2_broadcaster/share/tf2_broadcaster/environment/ament_prefix_path.sh
[6.658s] -- Installing: /home/pyo/mcc_seminar_cpp/seminar_day3_ROS2/tf2_practice_ws/install/tf2_broadcaster/share/tf2_broadcaster/environment/ament_prefix_path.dsv
[6.659s] -- Installing: /home/pyo/mcc_seminar_cpp/seminar_day3_ROS2/tf2_practice_ws/install/tf2_broadcaster/share/tf2_broadcaster/environment/path.sh
[6.659s] -- Installing: /home/pyo/mcc_seminar_cpp/seminar_day3_ROS2/tf2_practice_ws/install/tf2_broadcaster/share/tf2_broadcaster/environment/path.dsv
[6.659s] -- Installing: /home/pyo/mcc_seminar_cpp/seminar_day3_ROS2/tf2_practice_ws/install/tf2_broadcaster/share/tf2_broadcaster/local_setup.bash
[6.659s] -- Installing: /home/pyo/mcc_seminar_cpp/seminar_day3_ROS2/tf2_practice_ws/install/tf2_broadcaster/share/tf2_broadcaster/local_setup.sh
[6.659s] -- Installing: /home/pyo/mcc_seminar_cpp/seminar_day3_ROS2/tf2_practice_ws/install/tf2_broadcaster/share/tf2_broadcaster/local_setup.zsh
[6.659s] -- Installing: /home/pyo/mcc_seminar_cpp/seminar_day3_ROS2/tf2_practice_ws/install/tf2_broadcaster/share/tf2_broadcaster/local_setup.dsv
[6.660s] -- Installing: /home/pyo/mcc_seminar_cpp/seminar_day3_ROS2/tf2_practice_ws/install/tf2_broadcaster/share/tf2_broadcaster/package.dsv
[6.660s] -- Installing: /home/pyo/mcc_seminar_cpp/seminar_day3_ROS2/tf2_practice_ws/install/tf2_broadcaster/share/ament_index/resource_index/packages/tf2_broadcaster
[6.660s] -- Installing: /home/pyo/mcc_seminar_cpp/seminar_day3_ROS2/tf2_practice_ws/install/tf2_broadcaster/share/tf2_broadcaster/cmake/tf2_broadcasterConfig.cmake
[6.660s] -- Installing: /home/pyo/mcc_seminar_cpp/seminar_day3_ROS2/tf2_practice_ws/install/tf2_broadcaster/share/tf2_broadcaster/cmake/tf2_broadcasterConfig-version.cmake
[6.660s] -- Installing: /home/pyo/mcc_seminar_cpp/seminar_day3_ROS2/tf2_practice_ws/install/tf2_broadcaster/share/tf2_broadcaster/package.xml
[6.663s] Invoked command in '/home/pyo/mcc_seminar_cpp/seminar_day3_ROS2/tf2_practice_ws/build/tf2_broadcaster' returned '0': CMAKE_PREFIX_PATH=/opt/ros/humble /usr/bin/cmake --install /home/pyo/mcc_seminar_cpp/seminar_day3_ROS2/tf2_practice_ws/build/tf2_broadcaster
