[0.119s] DEBUG:colcon:Command line arguments: ['/usr/bin/colcon', 'build']
[0.119s] DEBUG:colcon:Parsed command line arguments: Namespace(log_base=None, log_level=None, verb_name='build', build_base='build', install_base='install', merge_install=False, symlink_install=False, test_result_base=None, continue_on_error=False, executor='parallel', parallel_workers=18, event_handlers=None, ignore_user_meta=False, metas=['./colcon.meta'], base_paths=['.'], packages_ignore=None, packages_ignore_regex=None, paths=None, packages_up_to=None, packages_up_to_regex=None, packages_above=None, packages_above_and_dependencies=None, packages_above_depth=None, packages_select_by_dep=None, packages_skip_by_dep=None, packages_skip_up_to=None, packages_select_build_failed=False, packages_skip_build_finished=False, packages_select_test_failures=False, packages_skip_test_passed=False, packages_select=None, packages_skip=None, packages_select_regex=None, packages_skip_regex=None, packages_start=None, packages_end=None, allow_overriding=[], cmake_args=None, cmake_target=None, cmake_target_skip_unavailable=False, cmake_clean_cache=False, cmake_clean_first=False, cmake_force_configure=False, ament_cmake_args=None, catkin_cmake_args=None, catkin_skip_building_tests=False, mixin_files=None, mixin=None, verb_parser=<colcon_mixin.mixin.mixin_argument.MixinArgumentDecorator object at 0x7cb371676f50>, verb_extension=<colcon_core.verb.build.BuildVerb object at 0x7cb371676980>, main=<bound method BuildVerb.main of <colcon_core.verb.build.BuildVerb object at 0x7cb371676980>>, mixin_verb=('build',))
[0.305s] Level 1:colcon.colcon_core.package_discovery:discover_packages(colcon_meta) check parameters
[0.305s] Level 1:colcon.colcon_core.package_discovery:discover_packages(recursive) check parameters
[0.306s] Level 1:colcon.colcon_core.package_discovery:discover_packages(ignore) check parameters
[0.306s] Level 1:colcon.colcon_core.package_discovery:discover_packages(path) check parameters
[0.306s] Level 1:colcon.colcon_core.package_discovery:discover_packages(colcon_meta) discover
[0.306s] Level 1:colcon.colcon_core.package_discovery:discover_packages(recursive) discover
[0.306s] INFO:colcon.colcon_core.package_discovery:Crawling recursively for packages in '/home/pyo/mcc_seminar_cpp/seminar_day3_ROS2/urdf_practice_ws'
[0.306s] Level 1:colcon.colcon_core.package_identification:_identify(.) by extensions ['ignore', 'ignore_ament_install']
[0.306s] Level 1:colcon.colcon_core.package_identification:_identify(.) by extension 'ignore'
[0.306s] Level 1:colcon.colcon_core.package_identification:_identify(.) by extension 'ignore_ament_install'
[0.306s] Level 1:colcon.colcon_core.package_identification:_identify(.) by extensions ['colcon_pkg']
[0.306s] Level 1:colcon.colcon_core.package_identification:_identify(.) by extension 'colcon_pkg'
[0.306s] Level 1:colcon.colcon_core.package_identification:_identify(.) by extensions ['colcon_meta']
[0.306s] Level 1:colcon.colcon_core.package_identification:_identify(.) by extension 'colcon_meta'
[0.306s] Level 1:colcon.colcon_core.package_identification:_identify(.) by extensions ['ros']
[0.306s] Level 1:colcon.colcon_core.package_identification:_identify(.) by extension 'ros'
[0.329s] Level 1:colcon.colcon_core.package_identification:_identify(.) by extensions ['cmake', 'python']
[0.329s] Level 1:colcon.colcon_core.package_identification:_identify(.) by extension 'cmake'
[0.329s] Level 1:colcon.colcon_core.package_identification:_identify(.) by extension 'python'
[0.329s] Level 1:colcon.colcon_core.package_identification:_identify(.) by extensions ['python_setup_py']
[0.330s] Level 1:colcon.colcon_core.package_identification:_identify(.) by extension 'python_setup_py'
[0.330s] Level 1:colcon.colcon_core.package_identification:_identify(build) by extensions ['ignore', 'ignore_ament_install']
[0.330s] Level 1:colcon.colcon_core.package_identification:_identify(build) by extension 'ignore'
[0.330s] Level 1:colcon.colcon_core.package_identification:_identify(build) ignored
[0.330s] Level 1:colcon.colcon_core.package_identification:_identify(install) by extensions ['ignore', 'ignore_ament_install']
[0.330s] Level 1:colcon.colcon_core.package_identification:_identify(install) by extension 'ignore'
[0.330s] Level 1:colcon.colcon_core.package_identification:_identify(install) ignored
[0.330s] Level 1:colcon.colcon_core.package_identification:_identify(log) by extensions ['ignore', 'ignore_ament_install']
[0.330s] Level 1:colcon.colcon_core.package_identification:_identify(log) by extension 'ignore'
[0.330s] Level 1:colcon.colcon_core.package_identification:_identify(log) ignored
[0.330s] Level 1:colcon.colcon_core.package_identification:_identify(src) by extensions ['ignore', 'ignore_ament_install']
[0.330s] Level 1:colcon.colcon_core.package_identification:_identify(src) by extension 'ignore'
[0.330s] Level 1:colcon.colcon_core.package_identification:_identify(src) by extension 'ignore_ament_install'
[0.330s] Level 1:colcon.colcon_core.package_identification:_identify(src) by extensions ['colcon_pkg']
[0.330s] Level 1:colcon.colcon_core.package_identification:_identify(src) by extension 'colcon_pkg'
[0.330s] Level 1:colcon.colcon_core.package_identification:_identify(src) by extensions ['colcon_meta']
[0.331s] Level 1:colcon.colcon_core.package_identification:_identify(src) by extension 'colcon_meta'
[0.331s] Level 1:colcon.colcon_core.package_identification:_identify(src) by extensions ['ros']
[0.331s] Level 1:colcon.colcon_core.package_identification:_identify(src) by extension 'ros'
[0.331s] Level 1:colcon.colcon_core.package_identification:_identify(src) by extensions ['cmake', 'python']
[0.331s] Level 1:colcon.colcon_core.package_identification:_identify(src) by extension 'cmake'
[0.331s] Level 1:colcon.colcon_core.package_identification:_identify(src) by extension 'python'
[0.331s] Level 1:colcon.colcon_core.package_identification:_identify(src) by extensions ['python_setup_py']
[0.331s] Level 1:colcon.colcon_core.package_identification:_identify(src) by extension 'python_setup_py'
[0.331s] Level 1:colcon.colcon_core.package_identification:_identify(src/edu_arm_description) by extensions ['ignore', 'ignore_ament_install']
[0.331s] Level 1:colcon.colcon_core.package_identification:_identify(src/edu_arm_description) by extension 'ignore'
[0.331s] Level 1:colcon.colcon_core.package_identification:_identify(src/edu_arm_description) by extension 'ignore_ament_install'
[0.331s] Level 1:colcon.colcon_core.package_identification:_identify(src/edu_arm_description) by extensions ['colcon_pkg']
[0.331s] Level 1:colcon.colcon_core.package_identification:_identify(src/edu_arm_description) by extension 'colcon_pkg'
[0.331s] Level 1:colcon.colcon_core.package_identification:_identify(src/edu_arm_description) by extensions ['colcon_meta']
[0.331s] Level 1:colcon.colcon_core.package_identification:_identify(src/edu_arm_description) by extension 'colcon_meta'
[0.331s] Level 1:colcon.colcon_core.package_identification:_identify(src/edu_arm_description) by extensions ['ros']
[0.331s] Level 1:colcon.colcon_core.package_identification:_identify(src/edu_arm_description) by extension 'ros'
[0.334s] DEBUG:colcon.colcon_core.package_identification:Package 'src/edu_arm_description' with type 'ros.ament_cmake' and name 'edu_arm_description'
[0.334s] Level 1:colcon.colcon_core.package_discovery:discover_packages(recursive) using defaults
[0.334s] Level 1:colcon.colcon_core.package_discovery:discover_packages(ignore) discover
[0.334s] Level 1:colcon.colcon_core.package_discovery:discover_packages(ignore) using defaults
[0.334s] Level 1:colcon.colcon_core.package_discovery:discover_packages(path) discover
[0.334s] Level 1:colcon.colcon_core.package_discovery:discover_packages(path) using defaults
[0.355s] Level 1:colcon.colcon_core.package_discovery:discover_packages(prefix_path) check parameters
[0.355s] Level 1:colcon.colcon_core.package_discovery:discover_packages(prefix_path) discover
[0.356s] DEBUG:colcon.colcon_installed_package_information.package_discovery:Found 1 installed packages in /home/pyo/mcc_seminar_cpp/seminar_day3_ROS2/tf2_practice_ws/install
[0.358s] DEBUG:colcon.colcon_installed_package_information.package_discovery:Found 451 installed packages in /opt/ros/humble
[0.361s] Level 1:colcon.colcon_core.package_discovery:discover_packages(prefix_path) using defaults
[0.421s] Level 5:colcon.colcon_core.verb:set package 'edu_arm_description' build argument 'cmake_args' from command line to 'None'
[0.421s] Level 5:colcon.colcon_core.verb:set package 'edu_arm_description' build argument 'cmake_target' from command line to 'None'
[0.421s] Level 5:colcon.colcon_core.verb:set package 'edu_arm_description' build argument 'cmake_target_skip_unavailable' from command line to 'False'
[0.422s] Level 5:colcon.colcon_core.verb:set package 'edu_arm_description' build argument 'cmake_clean_cache' from command line to 'False'
[0.422s] Level 5:colcon.colcon_core.verb:set package 'edu_arm_description' build argument 'cmake_clean_first' from command line to 'False'
[0.422s] Level 5:colcon.colcon_core.verb:set package 'edu_arm_description' build argument 'cmake_force_configure' from command line to 'False'
[0.422s] Level 5:colcon.colcon_core.verb:set package 'edu_arm_description' build argument 'ament_cmake_args' from command line to 'None'
[0.422s] Level 5:colcon.colcon_core.verb:set package 'edu_arm_description' build argument 'catkin_cmake_args' from command line to 'None'
[0.422s] Level 5:colcon.colcon_core.verb:set package 'edu_arm_description' build argument 'catkin_skip_building_tests' from command line to 'False'
[0.422s] DEBUG:colcon.colcon_core.verb:Building package 'edu_arm_description' with the following arguments: {'ament_cmake_args': None, 'build_base': '/home/pyo/mcc_seminar_cpp/seminar_day3_ROS2/urdf_practice_ws/build/edu_arm_description', 'catkin_cmake_args': None, 'catkin_skip_building_tests': False, 'cmake_args': None, 'cmake_clean_cache': False, 'cmake_clean_first': False, 'cmake_force_configure': False, 'cmake_target': None, 'cmake_target_skip_unavailable': False, 'install_base': '/home/pyo/mcc_seminar_cpp/seminar_day3_ROS2/urdf_practice_ws/install/edu_arm_description', 'merge_install': False, 'path': '/home/pyo/mcc_seminar_cpp/seminar_day3_ROS2/urdf_practice_ws/src/edu_arm_description', 'symlink_install': False, 'test_result_base': None}
[0.422s] INFO:colcon.colcon_core.executor:Executing jobs using 'parallel' executor
[0.424s] DEBUG:colcon.colcon_parallel_executor.executor.parallel:run_until_complete
[0.424s] INFO:colcon.colcon_ros.task.ament_cmake.build:Building ROS package in '/home/pyo/mcc_seminar_cpp/seminar_day3_ROS2/urdf_practice_ws/src/edu_arm_description' with build type 'ament_cmake'
[0.424s] INFO:colcon.colcon_cmake.task.cmake.build:Building CMake package in '/home/pyo/mcc_seminar_cpp/seminar_day3_ROS2/urdf_practice_ws/src/edu_arm_description'
[0.428s] INFO:colcon.colcon_core.plugin_system:Skipping extension 'colcon_core.shell.bat': Not used on non-Windows systems
[0.428s] INFO:colcon.colcon_core.shell:Skip shell extension 'powershell' for command environment: Not usable outside of PowerShell
[0.428s] DEBUG:colcon.colcon_core.shell:Skip shell extension 'dsv' for command environment
[0.439s] DEBUG:colcon.colcon_core.event_handler.log_command:Invoking command in '/home/pyo/mcc_seminar_cpp/seminar_day3_ROS2/urdf_practice_ws/build/edu_arm_description': CMAKE_PREFIX_PATH=${CMAKE_PREFIX_PATH}:/opt/ros/humble /usr/bin/cmake /home/pyo/mcc_seminar_cpp/seminar_day3_ROS2/urdf_practice_ws/src/edu_arm_description -DCMAKE_INSTALL_PREFIX=/home/pyo/mcc_seminar_cpp/seminar_day3_ROS2/urdf_practice_ws/install/edu_arm_description
[1.235s] DEBUG:colcon.colcon_core.event_handler.log_command:Invoked command in '/home/pyo/mcc_seminar_cpp/seminar_day3_ROS2/urdf_practice_ws/build/edu_arm_description' returned '0': CMAKE_PREFIX_PATH=${CMAKE_PREFIX_PATH}:/opt/ros/humble /usr/bin/cmake /home/pyo/mcc_seminar_cpp/seminar_day3_ROS2/urdf_practice_ws/src/edu_arm_description -DCMAKE_INSTALL_PREFIX=/home/pyo/mcc_seminar_cpp/seminar_day3_ROS2/urdf_practice_ws/install/edu_arm_description
[1.237s] DEBUG:colcon.colcon_core.event_handler.log_command:Invoking command in '/home/pyo/mcc_seminar_cpp/seminar_day3_ROS2/urdf_practice_ws/build/edu_arm_description': CMAKE_PREFIX_PATH=${CMAKE_PREFIX_PATH}:/opt/ros/humble /usr/bin/cmake --build /home/pyo/mcc_seminar_cpp/seminar_day3_ROS2/urdf_practice_ws/build/edu_arm_description -- -j18 -l18
[1.289s] DEBUG:colcon.colcon_core.event_handler.log_command:Invoked command in '/home/pyo/mcc_seminar_cpp/seminar_day3_ROS2/urdf_practice_ws/build/edu_arm_description' returned '0': CMAKE_PREFIX_PATH=${CMAKE_PREFIX_PATH}:/opt/ros/humble /usr/bin/cmake --build /home/pyo/mcc_seminar_cpp/seminar_day3_ROS2/urdf_practice_ws/build/edu_arm_description -- -j18 -l18
[1.301s] DEBUG:colcon.colcon_core.event_handler.log_command:Invoking command in '/home/pyo/mcc_seminar_cpp/seminar_day3_ROS2/urdf_practice_ws/build/edu_arm_description': CMAKE_PREFIX_PATH=${CMAKE_PREFIX_PATH}:/opt/ros/humble /usr/bin/cmake --install /home/pyo/mcc_seminar_cpp/seminar_day3_ROS2/urdf_practice_ws/build/edu_arm_description
[1.321s] Level 1:colcon.colcon_core.environment:create_environment_scripts_only(edu_arm_description)
[1.321s] DEBUG:colcon.colcon_core.event_handler.log_command:Invoked command in '/home/pyo/mcc_seminar_cpp/seminar_day3_ROS2/urdf_practice_ws/build/edu_arm_description' returned '0': CMAKE_PREFIX_PATH=${CMAKE_PREFIX_PATH}:/opt/ros/humble /usr/bin/cmake --install /home/pyo/mcc_seminar_cpp/seminar_day3_ROS2/urdf_practice_ws/build/edu_arm_description
[1.325s] Level 1:colcon.colcon_core.environment:checking '/home/pyo/mcc_seminar_cpp/seminar_day3_ROS2/urdf_practice_ws/install/edu_arm_description' for CMake module files
[1.326s] Level 1:colcon.colcon_core.environment:checking '/home/pyo/mcc_seminar_cpp/seminar_day3_ROS2/urdf_practice_ws/install/edu_arm_description' for CMake config files
[1.326s] Level 1:colcon.colcon_core.shell:create_environment_hook('edu_arm_description', 'cmake_prefix_path')
[1.327s] INFO:colcon.colcon_core.shell:Creating environment hook '/home/pyo/mcc_seminar_cpp/seminar_day3_ROS2/urdf_practice_ws/install/edu_arm_description/share/edu_arm_description/hook/cmake_prefix_path.ps1'
[1.327s] INFO:colcon.colcon_core.shell:Creating environment descriptor '/home/pyo/mcc_seminar_cpp/seminar_day3_ROS2/urdf_practice_ws/install/edu_arm_description/share/edu_arm_description/hook/cmake_prefix_path.dsv'
[1.328s] INFO:colcon.colcon_core.shell:Creating environment hook '/home/pyo/mcc_seminar_cpp/seminar_day3_ROS2/urdf_practice_ws/install/edu_arm_description/share/edu_arm_description/hook/cmake_prefix_path.sh'
[1.329s] Level 1:colcon.colcon_core.environment:checking '/home/pyo/mcc_seminar_cpp/seminar_day3_ROS2/urdf_practice_ws/install/edu_arm_description/bin'
[1.329s] Level 1:colcon.colcon_core.environment:checking '/home/pyo/mcc_seminar_cpp/seminar_day3_ROS2/urdf_practice_ws/install/edu_arm_description/lib/pkgconfig/edu_arm_description.pc'
[1.329s] Level 1:colcon.colcon_core.environment:checking '/home/pyo/mcc_seminar_cpp/seminar_day3_ROS2/urdf_practice_ws/install/edu_arm_description/lib/python3.10/site-packages'
[1.330s] Level 1:colcon.colcon_core.environment:checking '/home/pyo/mcc_seminar_cpp/seminar_day3_ROS2/urdf_practice_ws/install/edu_arm_description/bin'
[1.330s] INFO:colcon.colcon_core.shell:Creating package script '/home/pyo/mcc_seminar_cpp/seminar_day3_ROS2/urdf_practice_ws/install/edu_arm_description/share/edu_arm_description/package.ps1'
[1.331s] INFO:colcon.colcon_core.shell:Creating package descriptor '/home/pyo/mcc_seminar_cpp/seminar_day3_ROS2/urdf_practice_ws/install/edu_arm_description/share/edu_arm_description/package.dsv'
[1.332s] INFO:colcon.colcon_core.shell:Creating package script '/home/pyo/mcc_seminar_cpp/seminar_day3_ROS2/urdf_practice_ws/install/edu_arm_description/share/edu_arm_description/package.sh'
[1.332s] INFO:colcon.colcon_core.shell:Creating package script '/home/pyo/mcc_seminar_cpp/seminar_day3_ROS2/urdf_practice_ws/install/edu_arm_description/share/edu_arm_description/package.bash'
[1.333s] INFO:colcon.colcon_core.shell:Creating package script '/home/pyo/mcc_seminar_cpp/seminar_day3_ROS2/urdf_practice_ws/install/edu_arm_description/share/edu_arm_description/package.zsh'
[1.334s] Level 1:colcon.colcon_core.environment:create_file_with_runtime_dependencies(/home/pyo/mcc_seminar_cpp/seminar_day3_ROS2/urdf_practice_ws/install/edu_arm_description/share/colcon-core/packages/edu_arm_description)
[1.335s] Level 1:colcon.colcon_core.environment:create_environment_scripts_only(edu_arm_description)
[1.335s] Level 1:colcon.colcon_core.environment:checking '/home/pyo/mcc_seminar_cpp/seminar_day3_ROS2/urdf_practice_ws/install/edu_arm_description' for CMake module files
[1.335s] Level 1:colcon.colcon_core.environment:checking '/home/pyo/mcc_seminar_cpp/seminar_day3_ROS2/urdf_practice_ws/install/edu_arm_description' for CMake config files
[1.335s] Level 1:colcon.colcon_core.shell:create_environment_hook('edu_arm_description', 'cmake_prefix_path')
[1.336s] INFO:colcon.colcon_core.shell:Creating environment hook '/home/pyo/mcc_seminar_cpp/seminar_day3_ROS2/urdf_practice_ws/install/edu_arm_description/share/edu_arm_description/hook/cmake_prefix_path.ps1'
[1.336s] INFO:colcon.colcon_core.shell:Creating environment descriptor '/home/pyo/mcc_seminar_cpp/seminar_day3_ROS2/urdf_practice_ws/install/edu_arm_description/share/edu_arm_description/hook/cmake_prefix_path.dsv'
[1.336s] INFO:colcon.colcon_core.shell:Creating environment hook '/home/pyo/mcc_seminar_cpp/seminar_day3_ROS2/urdf_practice_ws/install/edu_arm_description/share/edu_arm_description/hook/cmake_prefix_path.sh'
[1.337s] Level 1:colcon.colcon_core.environment:checking '/home/pyo/mcc_seminar_cpp/seminar_day3_ROS2/urdf_practice_ws/install/edu_arm_description/bin'
[1.337s] Level 1:colcon.colcon_core.environment:checking '/home/pyo/mcc_seminar_cpp/seminar_day3_ROS2/urdf_practice_ws/install/edu_arm_description/lib/pkgconfig/edu_arm_description.pc'
[1.337s] Level 1:colcon.colcon_core.environment:checking '/home/pyo/mcc_seminar_cpp/seminar_day3_ROS2/urdf_practice_ws/install/edu_arm_description/lib/python3.10/site-packages'
[1.338s] Level 1:colcon.colcon_core.environment:checking '/home/pyo/mcc_seminar_cpp/seminar_day3_ROS2/urdf_practice_ws/install/edu_arm_description/bin'
[1.338s] INFO:colcon.colcon_core.shell:Creating package script '/home/pyo/mcc_seminar_cpp/seminar_day3_ROS2/urdf_practice_ws/install/edu_arm_description/share/edu_arm_description/package.ps1'
[1.339s] INFO:colcon.colcon_core.shell:Creating package descriptor '/home/pyo/mcc_seminar_cpp/seminar_day3_ROS2/urdf_practice_ws/install/edu_arm_description/share/edu_arm_description/package.dsv'
[1.339s] INFO:colcon.colcon_core.shell:Creating package script '/home/pyo/mcc_seminar_cpp/seminar_day3_ROS2/urdf_practice_ws/install/edu_arm_description/share/edu_arm_description/package.sh'
[1.340s] INFO:colcon.colcon_core.shell:Creating package script '/home/pyo/mcc_seminar_cpp/seminar_day3_ROS2/urdf_practice_ws/install/edu_arm_description/share/edu_arm_description/package.bash'
[1.340s] INFO:colcon.colcon_core.shell:Creating package script '/home/pyo/mcc_seminar_cpp/seminar_day3_ROS2/urdf_practice_ws/install/edu_arm_description/share/edu_arm_description/package.zsh'
[1.340s] Level 1:colcon.colcon_core.environment:create_file_with_runtime_dependencies(/home/pyo/mcc_seminar_cpp/seminar_day3_ROS2/urdf_practice_ws/install/edu_arm_description/share/colcon-core/packages/edu_arm_description)
[1.341s] DEBUG:colcon.colcon_parallel_executor.executor.parallel:closing loop
[1.341s] DEBUG:colcon.colcon_parallel_executor.executor.parallel:loop closed
[1.341s] DEBUG:colcon.colcon_parallel_executor.executor.parallel:run_until_complete finished with '0'
[1.341s] DEBUG:colcon.colcon_core.event_reactor:joining thread
[1.347s] INFO:colcon.colcon_core.plugin_system:Skipping extension 'colcon_notification.desktop_notification.terminal_notifier': Not used on non-Darwin systems
[1.348s] INFO:colcon.colcon_core.plugin_system:Skipping extension 'colcon_notification.desktop_notification.win32': Not used on non-Windows systems
[1.348s] INFO:colcon.colcon_notification.desktop_notification:Sending desktop notification using 'notify2'
[1.363s] DEBUG:colcon.colcon_core.event_reactor:joined thread
[1.364s] INFO:colcon.colcon_core.shell:Creating prefix script '/home/pyo/mcc_seminar_cpp/seminar_day3_ROS2/urdf_practice_ws/install/local_setup.ps1'
[1.365s] INFO:colcon.colcon_core.shell:Creating prefix util module '/home/pyo/mcc_seminar_cpp/seminar_day3_ROS2/urdf_practice_ws/install/_local_setup_util_ps1.py'
[1.367s] INFO:colcon.colcon_core.shell:Creating prefix chain script '/home/pyo/mcc_seminar_cpp/seminar_day3_ROS2/urdf_practice_ws/install/setup.ps1'
[1.368s] INFO:colcon.colcon_core.shell:Creating prefix script '/home/pyo/mcc_seminar_cpp/seminar_day3_ROS2/urdf_practice_ws/install/local_setup.sh'
[1.369s] INFO:colcon.colcon_core.shell:Creating prefix util module '/home/pyo/mcc_seminar_cpp/seminar_day3_ROS2/urdf_practice_ws/install/_local_setup_util_sh.py'
[1.369s] INFO:colcon.colcon_core.shell:Creating prefix chain script '/home/pyo/mcc_seminar_cpp/seminar_day3_ROS2/urdf_practice_ws/install/setup.sh'
[1.371s] INFO:colcon.colcon_core.shell:Creating prefix script '/home/pyo/mcc_seminar_cpp/seminar_day3_ROS2/urdf_practice_ws/install/local_setup.bash'
[1.371s] INFO:colcon.colcon_core.shell:Creating prefix chain script '/home/pyo/mcc_seminar_cpp/seminar_day3_ROS2/urdf_practice_ws/install/setup.bash'
[1.372s] INFO:colcon.colcon_core.shell:Creating prefix script '/home/pyo/mcc_seminar_cpp/seminar_day3_ROS2/urdf_practice_ws/install/local_setup.zsh'
[1.373s] INFO:colcon.colcon_core.shell:Creating prefix chain script '/home/pyo/mcc_seminar_cpp/seminar_day3_ROS2/urdf_practice_ws/install/setup.zsh'
