[0.266s] DEBUG:colcon:Command line arguments: ['/usr/bin/colcon', 'build']
[0.266s] DEBUG:colcon:Parsed command line arguments: Namespace(log_base=None, log_level=None, verb_name='build', build_base='build', install_base='install', merge_install=False, symlink_install=False, test_result_base=None, continue_on_error=False, executor='parallel', parallel_workers=18, event_handlers=None, ignore_user_meta=False, metas=['./colcon.meta'], base_paths=['.'], packages_ignore=None, packages_ignore_regex=None, paths=None, packages_up_to=None, packages_up_to_regex=None, packages_above=None, packages_above_and_dependencies=None, packages_above_depth=None, packages_select_by_dep=None, packages_skip_by_dep=None, packages_skip_up_to=None, packages_select_build_failed=False, packages_skip_build_finished=False, packages_select_test_failures=False, packages_skip_test_passed=False, packages_select=None, packages_skip=None, packages_select_regex=None, packages_skip_regex=None, packages_start=None, packages_end=None, allow_overriding=[], cmake_args=None, cmake_target=None, cmake_target_skip_unavailable=False, cmake_clean_cache=False, cmake_clean_first=False, cmake_force_configure=False, ament_cmake_args=None, catkin_cmake_args=None, catkin_skip_building_tests=False, mixin_files=None, mixin=None, verb_parser=<colcon_mixin.mixin.mixin_argument.MixinArgumentDecorator object at 0x7d578fd4a500>, verb_extension=<colcon_core.verb.build.BuildVerb object at 0x7d578fed7a60>, main=<bound method BuildVerb.main of <colcon_core.verb.build.BuildVerb object at 0x7d578fed7a60>>, mixin_verb=('build',))
[0.495s] Level 1:colcon.colcon_core.package_discovery:discover_packages(colcon_meta) check parameters
[0.495s] Level 1:colcon.colcon_core.package_discovery:discover_packages(recursive) check parameters
[0.496s] Level 1:colcon.colcon_core.package_discovery:discover_packages(ignore) check parameters
[0.496s] Level 1:colcon.colcon_core.package_discovery:discover_packages(path) check parameters
[0.496s] Level 1:colcon.colcon_core.package_discovery:discover_packages(colcon_meta) discover
[0.496s] Level 1:colcon.colcon_core.package_discovery:discover_packages(recursive) discover
[0.496s] INFO:colcon.colcon_core.package_discovery:Crawling recursively for packages in '/home/pyo/02_Work/04_Cpp/mcc_seminar/seminar_day2_ROS2/ros2_tutorial'
[0.496s] Level 1:colcon.colcon_core.package_identification:_identify(.) by extensions ['ignore', 'ignore_ament_install']
[0.496s] Level 1:colcon.colcon_core.package_identification:_identify(.) by extension 'ignore'
[0.496s] Level 1:colcon.colcon_core.package_identification:_identify(.) by extension 'ignore_ament_install'
[0.496s] Level 1:colcon.colcon_core.package_identification:_identify(.) by extensions ['colcon_pkg']
[0.496s] Level 1:colcon.colcon_core.package_identification:_identify(.) by extension 'colcon_pkg'
[0.496s] Level 1:colcon.colcon_core.package_identification:_identify(.) by extensions ['colcon_meta']
[0.496s] Level 1:colcon.colcon_core.package_identification:_identify(.) by extension 'colcon_meta'
[0.496s] Level 1:colcon.colcon_core.package_identification:_identify(.) by extensions ['ros']
[0.496s] Level 1:colcon.colcon_core.package_identification:_identify(.) by extension 'ros'
[0.518s] Level 1:colcon.colcon_core.package_identification:_identify(.) by extensions ['cmake', 'python']
[0.518s] Level 1:colcon.colcon_core.package_identification:_identify(.) by extension 'cmake'
[0.518s] Level 1:colcon.colcon_core.package_identification:_identify(.) by extension 'python'
[0.518s] Level 1:colcon.colcon_core.package_identification:_identify(.) by extensions ['python_setup_py']
[0.518s] Level 1:colcon.colcon_core.package_identification:_identify(.) by extension 'python_setup_py'
[0.518s] Level 1:colcon.colcon_core.package_identification:_identify(build) by extensions ['ignore', 'ignore_ament_install']
[0.519s] Level 1:colcon.colcon_core.package_identification:_identify(build) by extension 'ignore'
[0.519s] Level 1:colcon.colcon_core.package_identification:_identify(build) ignored
[0.519s] Level 1:colcon.colcon_core.package_identification:_identify(install) by extensions ['ignore', 'ignore_ament_install']
[0.519s] Level 1:colcon.colcon_core.package_identification:_identify(install) by extension 'ignore'
[0.519s] Level 1:colcon.colcon_core.package_identification:_identify(install) ignored
[0.520s] Level 1:colcon.colcon_core.package_identification:_identify(log) by extensions ['ignore', 'ignore_ament_install']
[0.520s] Level 1:colcon.colcon_core.package_identification:_identify(log) by extension 'ignore'
[0.520s] Level 1:colcon.colcon_core.package_identification:_identify(log) ignored
[0.520s] Level 1:colcon.colcon_core.package_identification:_identify(src) by extensions ['ignore', 'ignore_ament_install']
[0.520s] Level 1:colcon.colcon_core.package_identification:_identify(src) by extension 'ignore'
[0.520s] Level 1:colcon.colcon_core.package_identification:_identify(src) by extension 'ignore_ament_install'
[0.520s] Level 1:colcon.colcon_core.package_identification:_identify(src) by extensions ['colcon_pkg']
[0.520s] Level 1:colcon.colcon_core.package_identification:_identify(src) by extension 'colcon_pkg'
[0.520s] Level 1:colcon.colcon_core.package_identification:_identify(src) by extensions ['colcon_meta']
[0.520s] Level 1:colcon.colcon_core.package_identification:_identify(src) by extension 'colcon_meta'
[0.521s] Level 1:colcon.colcon_core.package_identification:_identify(src) by extensions ['ros']
[0.521s] Level 1:colcon.colcon_core.package_identification:_identify(src) by extension 'ros'
[0.521s] Level 1:colcon.colcon_core.package_identification:_identify(src) by extensions ['cmake', 'python']
[0.521s] Level 1:colcon.colcon_core.package_identification:_identify(src) by extension 'cmake'
[0.521s] Level 1:colcon.colcon_core.package_identification:_identify(src) by extension 'python'
[0.521s] Level 1:colcon.colcon_core.package_identification:_identify(src) by extensions ['python_setup_py']
[0.521s] Level 1:colcon.colcon_core.package_identification:_identify(src) by extension 'python_setup_py'
[0.521s] Level 1:colcon.colcon_core.package_identification:_identify(src/cpp_pubsub) by extensions ['ignore', 'ignore_ament_install']
[0.521s] Level 1:colcon.colcon_core.package_identification:_identify(src/cpp_pubsub) by extension 'ignore'
[0.521s] Level 1:colcon.colcon_core.package_identification:_identify(src/cpp_pubsub) by extension 'ignore_ament_install'
[0.521s] Level 1:colcon.colcon_core.package_identification:_identify(src/cpp_pubsub) by extensions ['colcon_pkg']
[0.521s] Level 1:colcon.colcon_core.package_identification:_identify(src/cpp_pubsub) by extension 'colcon_pkg'
[0.521s] Level 1:colcon.colcon_core.package_identification:_identify(src/cpp_pubsub) by extensions ['colcon_meta']
[0.521s] Level 1:colcon.colcon_core.package_identification:_identify(src/cpp_pubsub) by extension 'colcon_meta'
[0.521s] Level 1:colcon.colcon_core.package_identification:_identify(src/cpp_pubsub) by extensions ['ros']
[0.521s] Level 1:colcon.colcon_core.package_identification:_identify(src/cpp_pubsub) by extension 'ros'
[0.526s] DEBUG:colcon.colcon_core.package_identification:Package 'src/cpp_pubsub' with type 'ros.ament_cmake' and name 'cpp_pubsub'
[0.526s] Level 1:colcon.colcon_core.package_discovery:discover_packages(recursive) using defaults
[0.526s] Level 1:colcon.colcon_core.package_discovery:discover_packages(ignore) discover
[0.526s] Level 1:colcon.colcon_core.package_discovery:discover_packages(ignore) using defaults
[0.526s] Level 1:colcon.colcon_core.package_discovery:discover_packages(path) discover
[0.526s] Level 1:colcon.colcon_core.package_discovery:discover_packages(path) using defaults
[0.567s] Level 1:colcon.colcon_core.package_discovery:discover_packages(prefix_path) check parameters
[0.567s] Level 1:colcon.colcon_core.package_discovery:discover_packages(prefix_path) discover
[0.570s] DEBUG:colcon.colcon_installed_package_information.package_discovery:Found 472 installed packages in /opt/ros/humble
[0.573s] Level 1:colcon.colcon_core.package_discovery:discover_packages(prefix_path) using defaults
[0.643s] Level 5:colcon.colcon_core.verb:set package 'cpp_pubsub' build argument 'cmake_args' from command line to 'None'
[0.643s] Level 5:colcon.colcon_core.verb:set package 'cpp_pubsub' build argument 'cmake_target' from command line to 'None'
[0.643s] Level 5:colcon.colcon_core.verb:set package 'cpp_pubsub' build argument 'cmake_target_skip_unavailable' from command line to 'False'
[0.643s] Level 5:colcon.colcon_core.verb:set package 'cpp_pubsub' build argument 'cmake_clean_cache' from command line to 'False'
[0.643s] Level 5:colcon.colcon_core.verb:set package 'cpp_pubsub' build argument 'cmake_clean_first' from command line to 'False'
[0.643s] Level 5:colcon.colcon_core.verb:set package 'cpp_pubsub' build argument 'cmake_force_configure' from command line to 'False'
[0.643s] Level 5:colcon.colcon_core.verb:set package 'cpp_pubsub' build argument 'ament_cmake_args' from command line to 'None'
[0.643s] Level 5:colcon.colcon_core.verb:set package 'cpp_pubsub' build argument 'catkin_cmake_args' from command line to 'None'
[0.643s] Level 5:colcon.colcon_core.verb:set package 'cpp_pubsub' build argument 'catkin_skip_building_tests' from command line to 'False'
[0.643s] DEBUG:colcon.colcon_core.verb:Building package 'cpp_pubsub' with the following arguments: {'ament_cmake_args': None, 'build_base': '/home/pyo/02_Work/04_Cpp/mcc_seminar/seminar_day2_ROS2/ros2_tutorial/build/cpp_pubsub', 'catkin_cmake_args': None, 'catkin_skip_building_tests': False, 'cmake_args': None, 'cmake_clean_cache': False, 'cmake_clean_first': False, 'cmake_force_configure': False, 'cmake_target': None, 'cmake_target_skip_unavailable': False, 'install_base': '/home/pyo/02_Work/04_Cpp/mcc_seminar/seminar_day2_ROS2/ros2_tutorial/install/cpp_pubsub', 'merge_install': False, 'path': '/home/pyo/02_Work/04_Cpp/mcc_seminar/seminar_day2_ROS2/ros2_tutorial/src/cpp_pubsub', 'symlink_install': False, 'test_result_base': None}
[0.643s] INFO:colcon.colcon_core.executor:Executing jobs using 'parallel' executor
[0.646s] DEBUG:colcon.colcon_parallel_executor.executor.parallel:run_until_complete
[0.647s] INFO:colcon.colcon_ros.task.ament_cmake.build:Building ROS package in '/home/pyo/02_Work/04_Cpp/mcc_seminar/seminar_day2_ROS2/ros2_tutorial/src/cpp_pubsub' with build type 'ament_cmake'
[0.647s] INFO:colcon.colcon_cmake.task.cmake.build:Building CMake package in '/home/pyo/02_Work/04_Cpp/mcc_seminar/seminar_day2_ROS2/ros2_tutorial/src/cpp_pubsub'
[0.650s] INFO:colcon.colcon_core.plugin_system:Skipping extension 'colcon_core.shell.bat': Not used on non-Windows systems
[0.651s] INFO:colcon.colcon_core.shell:Skip shell extension 'powershell' for command environment: Not usable outside of PowerShell
[0.651s] DEBUG:colcon.colcon_core.shell:Skip shell extension 'dsv' for command environment
[0.669s] DEBUG:colcon.colcon_core.event_handler.log_command:Invoking command in '/home/pyo/02_Work/04_Cpp/mcc_seminar/seminar_day2_ROS2/ros2_tutorial/build/cpp_pubsub': CMAKE_PREFIX_PATH=/opt/ros/humble /usr/bin/cmake /home/pyo/02_Work/04_Cpp/mcc_seminar/seminar_day2_ROS2/ros2_tutorial/src/cpp_pubsub -DCMAKE_INSTALL_PREFIX=/home/pyo/02_Work/04_Cpp/mcc_seminar/seminar_day2_ROS2/ros2_tutorial/install/cpp_pubsub
[7.674s] DEBUG:colcon.colcon_core.event_handler.log_command:Invoked command in '/home/pyo/02_Work/04_Cpp/mcc_seminar/seminar_day2_ROS2/ros2_tutorial/build/cpp_pubsub' returned '0': CMAKE_PREFIX_PATH=/opt/ros/humble /usr/bin/cmake /home/pyo/02_Work/04_Cpp/mcc_seminar/seminar_day2_ROS2/ros2_tutorial/src/cpp_pubsub -DCMAKE_INSTALL_PREFIX=/home/pyo/02_Work/04_Cpp/mcc_seminar/seminar_day2_ROS2/ros2_tutorial/install/cpp_pubsub
[7.674s] DEBUG:colcon.colcon_core.event_handler.log_command:Invoking command in '/home/pyo/02_Work/04_Cpp/mcc_seminar/seminar_day2_ROS2/ros2_tutorial/build/cpp_pubsub': CMAKE_PREFIX_PATH=/opt/ros/humble /usr/bin/cmake --build /home/pyo/02_Work/04_Cpp/mcc_seminar/seminar_day2_ROS2/ros2_tutorial/build/cpp_pubsub -- -j18 -l18
[15.545s] DEBUG:colcon.colcon_core.event_handler.log_command:Invoked command in '/home/pyo/02_Work/04_Cpp/mcc_seminar/seminar_day2_ROS2/ros2_tutorial/build/cpp_pubsub' returned '0': CMAKE_PREFIX_PATH=/opt/ros/humble /usr/bin/cmake --build /home/pyo/02_Work/04_Cpp/mcc_seminar/seminar_day2_ROS2/ros2_tutorial/build/cpp_pubsub -- -j18 -l18
[15.559s] DEBUG:colcon.colcon_core.event_handler.log_command:Invoking command in '/home/pyo/02_Work/04_Cpp/mcc_seminar/seminar_day2_ROS2/ros2_tutorial/build/cpp_pubsub': CMAKE_PREFIX_PATH=/opt/ros/humble /usr/bin/cmake --install /home/pyo/02_Work/04_Cpp/mcc_seminar/seminar_day2_ROS2/ros2_tutorial/build/cpp_pubsub
[15.579s] Level 1:colcon.colcon_core.environment:create_environment_scripts_only(cpp_pubsub)
[15.581s] DEBUG:colcon.colcon_core.event_handler.log_command:Invoked command in '/home/pyo/02_Work/04_Cpp/mcc_seminar/seminar_day2_ROS2/ros2_tutorial/build/cpp_pubsub' returned '0': CMAKE_PREFIX_PATH=/opt/ros/humble /usr/bin/cmake --install /home/pyo/02_Work/04_Cpp/mcc_seminar/seminar_day2_ROS2/ros2_tutorial/build/cpp_pubsub
[15.584s] Level 1:colcon.colcon_core.environment:checking '/home/pyo/02_Work/04_Cpp/mcc_seminar/seminar_day2_ROS2/ros2_tutorial/install/cpp_pubsub' for CMake module files
[15.584s] Level 1:colcon.colcon_core.environment:checking '/home/pyo/02_Work/04_Cpp/mcc_seminar/seminar_day2_ROS2/ros2_tutorial/install/cpp_pubsub' for CMake config files
[15.585s] Level 1:colcon.colcon_core.shell:create_environment_hook('cpp_pubsub', 'cmake_prefix_path')
[15.585s] INFO:colcon.colcon_core.shell:Creating environment hook '/home/pyo/02_Work/04_Cpp/mcc_seminar/seminar_day2_ROS2/ros2_tutorial/install/cpp_pubsub/share/cpp_pubsub/hook/cmake_prefix_path.ps1'
[15.586s] INFO:colcon.colcon_core.shell:Creating environment descriptor '/home/pyo/02_Work/04_Cpp/mcc_seminar/seminar_day2_ROS2/ros2_tutorial/install/cpp_pubsub/share/cpp_pubsub/hook/cmake_prefix_path.dsv'
[15.587s] INFO:colcon.colcon_core.shell:Creating environment hook '/home/pyo/02_Work/04_Cpp/mcc_seminar/seminar_day2_ROS2/ros2_tutorial/install/cpp_pubsub/share/cpp_pubsub/hook/cmake_prefix_path.sh'
[15.589s] Level 1:colcon.colcon_core.environment:checking '/home/pyo/02_Work/04_Cpp/mcc_seminar/seminar_day2_ROS2/ros2_tutorial/install/cpp_pubsub/lib'
[15.589s] Level 1:colcon.colcon_core.environment:checking '/home/pyo/02_Work/04_Cpp/mcc_seminar/seminar_day2_ROS2/ros2_tutorial/install/cpp_pubsub/bin'
[15.589s] Level 1:colcon.colcon_core.environment:checking '/home/pyo/02_Work/04_Cpp/mcc_seminar/seminar_day2_ROS2/ros2_tutorial/install/cpp_pubsub/lib/pkgconfig/cpp_pubsub.pc'
[15.589s] Level 1:colcon.colcon_core.environment:checking '/home/pyo/02_Work/04_Cpp/mcc_seminar/seminar_day2_ROS2/ros2_tutorial/install/cpp_pubsub/lib/python3.10/site-packages'
[15.590s] Level 1:colcon.colcon_core.environment:checking '/home/pyo/02_Work/04_Cpp/mcc_seminar/seminar_day2_ROS2/ros2_tutorial/install/cpp_pubsub/bin'
[15.590s] INFO:colcon.colcon_core.shell:Creating package script '/home/pyo/02_Work/04_Cpp/mcc_seminar/seminar_day2_ROS2/ros2_tutorial/install/cpp_pubsub/share/cpp_pubsub/package.ps1'
[15.591s] INFO:colcon.colcon_core.shell:Creating package descriptor '/home/pyo/02_Work/04_Cpp/mcc_seminar/seminar_day2_ROS2/ros2_tutorial/install/cpp_pubsub/share/cpp_pubsub/package.dsv'
[15.593s] INFO:colcon.colcon_core.shell:Creating package script '/home/pyo/02_Work/04_Cpp/mcc_seminar/seminar_day2_ROS2/ros2_tutorial/install/cpp_pubsub/share/cpp_pubsub/package.sh'
[15.594s] INFO:colcon.colcon_core.shell:Creating package script '/home/pyo/02_Work/04_Cpp/mcc_seminar/seminar_day2_ROS2/ros2_tutorial/install/cpp_pubsub/share/cpp_pubsub/package.bash'
[15.595s] INFO:colcon.colcon_core.shell:Creating package script '/home/pyo/02_Work/04_Cpp/mcc_seminar/seminar_day2_ROS2/ros2_tutorial/install/cpp_pubsub/share/cpp_pubsub/package.zsh'
[15.595s] Level 1:colcon.colcon_core.environment:create_file_with_runtime_dependencies(/home/pyo/02_Work/04_Cpp/mcc_seminar/seminar_day2_ROS2/ros2_tutorial/install/cpp_pubsub/share/colcon-core/packages/cpp_pubsub)
[15.596s] Level 1:colcon.colcon_core.environment:create_environment_scripts_only(cpp_pubsub)
[15.597s] Level 1:colcon.colcon_core.environment:checking '/home/pyo/02_Work/04_Cpp/mcc_seminar/seminar_day2_ROS2/ros2_tutorial/install/cpp_pubsub' for CMake module files
[15.598s] Level 1:colcon.colcon_core.environment:checking '/home/pyo/02_Work/04_Cpp/mcc_seminar/seminar_day2_ROS2/ros2_tutorial/install/cpp_pubsub' for CMake config files
[15.598s] Level 1:colcon.colcon_core.shell:create_environment_hook('cpp_pubsub', 'cmake_prefix_path')
[15.598s] INFO:colcon.colcon_core.shell:Creating environment hook '/home/pyo/02_Work/04_Cpp/mcc_seminar/seminar_day2_ROS2/ros2_tutorial/install/cpp_pubsub/share/cpp_pubsub/hook/cmake_prefix_path.ps1'
[15.599s] INFO:colcon.colcon_core.shell:Creating environment descriptor '/home/pyo/02_Work/04_Cpp/mcc_seminar/seminar_day2_ROS2/ros2_tutorial/install/cpp_pubsub/share/cpp_pubsub/hook/cmake_prefix_path.dsv'
[15.599s] INFO:colcon.colcon_core.shell:Creating environment hook '/home/pyo/02_Work/04_Cpp/mcc_seminar/seminar_day2_ROS2/ros2_tutorial/install/cpp_pubsub/share/cpp_pubsub/hook/cmake_prefix_path.sh'
[15.600s] Level 1:colcon.colcon_core.environment:checking '/home/pyo/02_Work/04_Cpp/mcc_seminar/seminar_day2_ROS2/ros2_tutorial/install/cpp_pubsub/lib'
[15.600s] Level 1:colcon.colcon_core.environment:checking '/home/pyo/02_Work/04_Cpp/mcc_seminar/seminar_day2_ROS2/ros2_tutorial/install/cpp_pubsub/bin'
[15.600s] Level 1:colcon.colcon_core.environment:checking '/home/pyo/02_Work/04_Cpp/mcc_seminar/seminar_day2_ROS2/ros2_tutorial/install/cpp_pubsub/lib/pkgconfig/cpp_pubsub.pc'
[15.601s] Level 1:colcon.colcon_core.environment:checking '/home/pyo/02_Work/04_Cpp/mcc_seminar/seminar_day2_ROS2/ros2_tutorial/install/cpp_pubsub/lib/python3.10/site-packages'
[15.601s] Level 1:colcon.colcon_core.environment:checking '/home/pyo/02_Work/04_Cpp/mcc_seminar/seminar_day2_ROS2/ros2_tutorial/install/cpp_pubsub/bin'
[15.601s] INFO:colcon.colcon_core.shell:Creating package script '/home/pyo/02_Work/04_Cpp/mcc_seminar/seminar_day2_ROS2/ros2_tutorial/install/cpp_pubsub/share/cpp_pubsub/package.ps1'
[15.602s] INFO:colcon.colcon_core.shell:Creating package descriptor '/home/pyo/02_Work/04_Cpp/mcc_seminar/seminar_day2_ROS2/ros2_tutorial/install/cpp_pubsub/share/cpp_pubsub/package.dsv'
[15.603s] INFO:colcon.colcon_core.shell:Creating package script '/home/pyo/02_Work/04_Cpp/mcc_seminar/seminar_day2_ROS2/ros2_tutorial/install/cpp_pubsub/share/cpp_pubsub/package.sh'
[15.603s] INFO:colcon.colcon_core.shell:Creating package script '/home/pyo/02_Work/04_Cpp/mcc_seminar/seminar_day2_ROS2/ros2_tutorial/install/cpp_pubsub/share/cpp_pubsub/package.bash'
[15.604s] INFO:colcon.colcon_core.shell:Creating package script '/home/pyo/02_Work/04_Cpp/mcc_seminar/seminar_day2_ROS2/ros2_tutorial/install/cpp_pubsub/share/cpp_pubsub/package.zsh'
[15.605s] Level 1:colcon.colcon_core.environment:create_file_with_runtime_dependencies(/home/pyo/02_Work/04_Cpp/mcc_seminar/seminar_day2_ROS2/ros2_tutorial/install/cpp_pubsub/share/colcon-core/packages/cpp_pubsub)
[15.606s] DEBUG:colcon.colcon_parallel_executor.executor.parallel:closing loop
[15.606s] DEBUG:colcon.colcon_parallel_executor.executor.parallel:loop closed
[15.607s] DEBUG:colcon.colcon_parallel_executor.executor.parallel:run_until_complete finished with '0'
[15.607s] DEBUG:colcon.colcon_core.event_reactor:joining thread
[15.650s] INFO:colcon.colcon_core.plugin_system:Skipping extension 'colcon_notification.desktop_notification.notify_send': Could not find 'notify-send'
[15.651s] INFO:colcon.colcon_core.plugin_system:Skipping extension 'colcon_notification.desktop_notification.terminal_notifier': Not used on non-Darwin systems
[15.651s] INFO:colcon.colcon_core.plugin_system:Skipping extension 'colcon_notification.desktop_notification.win32': Not used on non-Windows systems
[15.651s] INFO:colcon.colcon_notification.desktop_notification:Sending desktop notification using 'notify2'
[15.656s] DEBUG:colcon.colcon_notification.desktop_notification.notify2:Failed to initialize notify2: org.freedesktop.DBus.Error.ServiceUnknown: The name org.freedesktop.Notifications was not provided by any .service files
[15.656s] DEBUG:colcon.colcon_core.event_reactor:joined thread
[15.657s] INFO:colcon.colcon_core.shell:Creating prefix script '/home/pyo/02_Work/04_Cpp/mcc_seminar/seminar_day2_ROS2/ros2_tutorial/install/local_setup.ps1'
[15.658s] INFO:colcon.colcon_core.shell:Creating prefix util module '/home/pyo/02_Work/04_Cpp/mcc_seminar/seminar_day2_ROS2/ros2_tutorial/install/_local_setup_util_ps1.py'
[15.661s] INFO:colcon.colcon_core.shell:Creating prefix chain script '/home/pyo/02_Work/04_Cpp/mcc_seminar/seminar_day2_ROS2/ros2_tutorial/install/setup.ps1'
[15.662s] INFO:colcon.colcon_core.shell:Creating prefix script '/home/pyo/02_Work/04_Cpp/mcc_seminar/seminar_day2_ROS2/ros2_tutorial/install/local_setup.sh'
[15.663s] INFO:colcon.colcon_core.shell:Creating prefix util module '/home/pyo/02_Work/04_Cpp/mcc_seminar/seminar_day2_ROS2/ros2_tutorial/install/_local_setup_util_sh.py'
[15.663s] INFO:colcon.colcon_core.shell:Creating prefix chain script '/home/pyo/02_Work/04_Cpp/mcc_seminar/seminar_day2_ROS2/ros2_tutorial/install/setup.sh'
[15.665s] INFO:colcon.colcon_core.shell:Creating prefix script '/home/pyo/02_Work/04_Cpp/mcc_seminar/seminar_day2_ROS2/ros2_tutorial/install/local_setup.bash'
[15.666s] INFO:colcon.colcon_core.shell:Creating prefix chain script '/home/pyo/02_Work/04_Cpp/mcc_seminar/seminar_day2_ROS2/ros2_tutorial/install/setup.bash'
[15.667s] INFO:colcon.colcon_core.shell:Creating prefix script '/home/pyo/02_Work/04_Cpp/mcc_seminar/seminar_day2_ROS2/ros2_tutorial/install/local_setup.zsh'
[15.668s] INFO:colcon.colcon_core.shell:Creating prefix chain script '/home/pyo/02_Work/04_Cpp/mcc_seminar/seminar_day2_ROS2/ros2_tutorial/install/setup.zsh'
