[0.460s] DEBUG:colcon:Command line arguments: ['/usr/bin/colcon', 'build']
[0.460s] DEBUG:colcon:Parsed command line arguments: Namespace(log_base=None, log_level=None, verb_name='build', build_base='build', install_base='install', merge_install=False, symlink_install=False, test_result_base=None, continue_on_error=False, executor='parallel', parallel_workers=18, event_handlers=None, ignore_user_meta=False, metas=['./colcon.meta'], base_paths=['.'], packages_ignore=None, packages_ignore_regex=None, paths=None, packages_up_to=None, packages_up_to_regex=None, packages_above=None, packages_above_and_dependencies=None, packages_above_depth=None, packages_select_by_dep=None, packages_skip_by_dep=None, packages_skip_up_to=None, packages_select_build_failed=False, packages_skip_build_finished=False, packages_select_test_failures=False, packages_skip_test_passed=False, packages_select=None, packages_skip=None, packages_select_regex=None, packages_skip_regex=None, packages_start=None, packages_end=None, allow_overriding=[], cmake_args=None, cmake_target=None, cmake_target_skip_unavailable=False, cmake_clean_cache=False, cmake_clean_first=False, cmake_force_configure=False, ament_cmake_args=None, catkin_cmake_args=None, catkin_skip_building_tests=False, mixin_files=None, mixin=None, verb_parser=<colcon_mixin.mixin.mixin_argument.MixinArgumentDecorator object at 0x72394a3464a0>, verb_extension=<colcon_core.verb.build.BuildVerb object at 0x72394a4d3a00>, main=<bound method BuildVerb.main of <colcon_core.verb.build.BuildVerb object at 0x72394a4d3a00>>, mixin_verb=('build',))
[0.987s] Level 1:colcon.colcon_core.package_discovery:discover_packages(colcon_meta) check parameters
[0.987s] Level 1:colcon.colcon_core.package_discovery:discover_packages(recursive) check parameters
[0.987s] Level 1:colcon.colcon_core.package_discovery:discover_packages(ignore) check parameters
[0.987s] Level 1:colcon.colcon_core.package_discovery:discover_packages(path) check parameters
[0.987s] Level 1:colcon.colcon_core.package_discovery:discover_packages(colcon_meta) discover
[0.987s] Level 1:colcon.colcon_core.package_discovery:discover_packages(recursive) discover
[0.987s] INFO:colcon.colcon_core.package_discovery:Crawling recursively for packages in '/home/pyo/02_Work/04_Cpp/mcc_seminar/seminar_day2_ROS2/ros2_tutorial'
[0.988s] Level 1:colcon.colcon_core.package_identification:_identify(.) by extensions ['ignore', 'ignore_ament_install']
[0.988s] Level 1:colcon.colcon_core.package_identification:_identify(.) by extension 'ignore'
[0.988s] Level 1:colcon.colcon_core.package_identification:_identify(.) by extension 'ignore_ament_install'
[0.989s] Level 1:colcon.colcon_core.package_identification:_identify(.) by extensions ['colcon_pkg']
[0.989s] Level 1:colcon.colcon_core.package_identification:_identify(.) by extension 'colcon_pkg'
[0.989s] Level 1:colcon.colcon_core.package_identification:_identify(.) by extensions ['colcon_meta']
[0.989s] Level 1:colcon.colcon_core.package_identification:_identify(.) by extension 'colcon_meta'
[0.989s] Level 1:colcon.colcon_core.package_identification:_identify(.) by extensions ['ros']
[0.989s] Level 1:colcon.colcon_core.package_identification:_identify(.) by extension 'ros'
[1.015s] Level 1:colcon.colcon_core.package_identification:_identify(.) by extensions ['cmake', 'python']
[1.015s] Level 1:colcon.colcon_core.package_identification:_identify(.) by extension 'cmake'
[1.016s] Level 1:colcon.colcon_core.package_identification:_identify(.) by extension 'python'
[1.016s] Level 1:colcon.colcon_core.package_identification:_identify(.) by extensions ['python_setup_py']
[1.016s] Level 1:colcon.colcon_core.package_identification:_identify(.) by extension 'python_setup_py'
[1.016s] Level 1:colcon.colcon_core.package_identification:_identify(build) by extensions ['ignore', 'ignore_ament_install']
[1.016s] Level 1:colcon.colcon_core.package_identification:_identify(build) by extension 'ignore'
[1.016s] Level 1:colcon.colcon_core.package_identification:_identify(build) ignored
[1.016s] Level 1:colcon.colcon_core.package_identification:_identify(install) by extensions ['ignore', 'ignore_ament_install']
[1.016s] Level 1:colcon.colcon_core.package_identification:_identify(install) by extension 'ignore'
[1.016s] Level 1:colcon.colcon_core.package_identification:_identify(install) ignored
[1.016s] Level 1:colcon.colcon_core.package_identification:_identify(log) by extensions ['ignore', 'ignore_ament_install']
[1.016s] Level 1:colcon.colcon_core.package_identification:_identify(log) by extension 'ignore'
[1.016s] Level 1:colcon.colcon_core.package_identification:_identify(log) ignored
[1.016s] Level 1:colcon.colcon_core.package_identification:_identify(src) by extensions ['ignore', 'ignore_ament_install']
[1.017s] Level 1:colcon.colcon_core.package_identification:_identify(src) by extension 'ignore'
[1.017s] Level 1:colcon.colcon_core.package_identification:_identify(src) by extension 'ignore_ament_install'
[1.017s] Level 1:colcon.colcon_core.package_identification:_identify(src) by extensions ['colcon_pkg']
[1.017s] Level 1:colcon.colcon_core.package_identification:_identify(src) by extension 'colcon_pkg'
[1.017s] Level 1:colcon.colcon_core.package_identification:_identify(src) by extensions ['colcon_meta']
[1.017s] Level 1:colcon.colcon_core.package_identification:_identify(src) by extension 'colcon_meta'
[1.017s] Level 1:colcon.colcon_core.package_identification:_identify(src) by extensions ['ros']
[1.017s] Level 1:colcon.colcon_core.package_identification:_identify(src) by extension 'ros'
[1.017s] Level 1:colcon.colcon_core.package_identification:_identify(src) by extensions ['cmake', 'python']
[1.017s] Level 1:colcon.colcon_core.package_identification:_identify(src) by extension 'cmake'
[1.017s] Level 1:colcon.colcon_core.package_identification:_identify(src) by extension 'python'
[1.017s] Level 1:colcon.colcon_core.package_identification:_identify(src) by extensions ['python_setup_py']
[1.017s] Level 1:colcon.colcon_core.package_identification:_identify(src) by extension 'python_setup_py'
[1.017s] Level 1:colcon.colcon_core.package_identification:_identify(src/cpp_pubsub) by extensions ['ignore', 'ignore_ament_install']
[1.017s] Level 1:colcon.colcon_core.package_identification:_identify(src/cpp_pubsub) by extension 'ignore'
[1.017s] Level 1:colcon.colcon_core.package_identification:_identify(src/cpp_pubsub) by extension 'ignore_ament_install'
[1.017s] Level 1:colcon.colcon_core.package_identification:_identify(src/cpp_pubsub) by extensions ['colcon_pkg']
[1.017s] Level 1:colcon.colcon_core.package_identification:_identify(src/cpp_pubsub) by extension 'colcon_pkg'
[1.017s] Level 1:colcon.colcon_core.package_identification:_identify(src/cpp_pubsub) by extensions ['colcon_meta']
[1.017s] Level 1:colcon.colcon_core.package_identification:_identify(src/cpp_pubsub) by extension 'colcon_meta'
[1.017s] Level 1:colcon.colcon_core.package_identification:_identify(src/cpp_pubsub) by extensions ['ros']
[1.017s] Level 1:colcon.colcon_core.package_identification:_identify(src/cpp_pubsub) by extension 'ros'
[1.026s] DEBUG:colcon.colcon_core.package_identification:Package 'src/cpp_pubsub' with type 'ros.ament_cmake' and name 'cpp_pubsub'
[1.026s] Level 1:colcon.colcon_core.package_discovery:discover_packages(recursive) using defaults
[1.026s] Level 1:colcon.colcon_core.package_discovery:discover_packages(ignore) discover
[1.026s] Level 1:colcon.colcon_core.package_discovery:discover_packages(ignore) using defaults
[1.026s] Level 1:colcon.colcon_core.package_discovery:discover_packages(path) discover
[1.026s] Level 1:colcon.colcon_core.package_discovery:discover_packages(path) using defaults
[1.105s] Level 1:colcon.colcon_core.package_discovery:discover_packages(prefix_path) check parameters
[1.106s] Level 1:colcon.colcon_core.package_discovery:discover_packages(prefix_path) discover
[1.118s] DEBUG:colcon.colcon_installed_package_information.package_discovery:Found 472 installed packages in /opt/ros/humble
[1.124s] Level 1:colcon.colcon_core.package_discovery:discover_packages(prefix_path) using defaults
[1.355s] Level 5:colcon.colcon_core.verb:set package 'cpp_pubsub' build argument 'cmake_args' from command line to 'None'
[1.355s] Level 5:colcon.colcon_core.verb:set package 'cpp_pubsub' build argument 'cmake_target' from command line to 'None'
[1.355s] Level 5:colcon.colcon_core.verb:set package 'cpp_pubsub' build argument 'cmake_target_skip_unavailable' from command line to 'False'
[1.355s] Level 5:colcon.colcon_core.verb:set package 'cpp_pubsub' build argument 'cmake_clean_cache' from command line to 'False'
[1.355s] Level 5:colcon.colcon_core.verb:set package 'cpp_pubsub' build argument 'cmake_clean_first' from command line to 'False'
[1.355s] Level 5:colcon.colcon_core.verb:set package 'cpp_pubsub' build argument 'cmake_force_configure' from command line to 'False'
[1.355s] Level 5:colcon.colcon_core.verb:set package 'cpp_pubsub' build argument 'ament_cmake_args' from command line to 'None'
[1.355s] Level 5:colcon.colcon_core.verb:set package 'cpp_pubsub' build argument 'catkin_cmake_args' from command line to 'None'
[1.356s] Level 5:colcon.colcon_core.verb:set package 'cpp_pubsub' build argument 'catkin_skip_building_tests' from command line to 'False'
[1.356s] DEBUG:colcon.colcon_core.verb:Building package 'cpp_pubsub' with the following arguments: {'ament_cmake_args': None, 'build_base': '/home/pyo/02_Work/04_Cpp/mcc_seminar/seminar_day2_ROS2/ros2_tutorial/build/cpp_pubsub', 'catkin_cmake_args': None, 'catkin_skip_building_tests': False, 'cmake_args': None, 'cmake_clean_cache': False, 'cmake_clean_first': False, 'cmake_force_configure': False, 'cmake_target': None, 'cmake_target_skip_unavailable': False, 'install_base': '/home/pyo/02_Work/04_Cpp/mcc_seminar/seminar_day2_ROS2/ros2_tutorial/install/cpp_pubsub', 'merge_install': False, 'path': '/home/pyo/02_Work/04_Cpp/mcc_seminar/seminar_day2_ROS2/ros2_tutorial/src/cpp_pubsub', 'symlink_install': False, 'test_result_base': None}
[1.356s] INFO:colcon.colcon_core.executor:Executing jobs using 'parallel' executor
[1.358s] DEBUG:colcon.colcon_parallel_executor.executor.parallel:run_until_complete
[1.359s] INFO:colcon.colcon_ros.task.ament_cmake.build:Building ROS package in '/home/pyo/02_Work/04_Cpp/mcc_seminar/seminar_day2_ROS2/ros2_tutorial/src/cpp_pubsub' with build type 'ament_cmake'
[1.359s] INFO:colcon.colcon_cmake.task.cmake.build:Building CMake package in '/home/pyo/02_Work/04_Cpp/mcc_seminar/seminar_day2_ROS2/ros2_tutorial/src/cpp_pubsub'
[1.368s] INFO:colcon.colcon_core.plugin_system:Skipping extension 'colcon_core.shell.bat': Not used on non-Windows systems
[1.368s] INFO:colcon.colcon_core.shell:Skip shell extension 'powershell' for command environment: Not usable outside of PowerShell
[1.368s] DEBUG:colcon.colcon_core.shell:Skip shell extension 'dsv' for command environment
[1.384s] DEBUG:colcon.colcon_core.event_handler.log_command:Invoking command in '/home/pyo/02_Work/04_Cpp/mcc_seminar/seminar_day2_ROS2/ros2_tutorial/build/cpp_pubsub': CMAKE_PREFIX_PATH=/opt/ros/humble /usr/bin/cmake --build /home/pyo/02_Work/04_Cpp/mcc_seminar/seminar_day2_ROS2/ros2_tutorial/build/cpp_pubsub -- -j18 -l18
[1.487s] DEBUG:colcon.colcon_core.event_handler.log_command:Invoked command in '/home/pyo/02_Work/04_Cpp/mcc_seminar/seminar_day2_ROS2/ros2_tutorial/build/cpp_pubsub' returned '2': CMAKE_PREFIX_PATH=/opt/ros/humble /usr/bin/cmake --build /home/pyo/02_Work/04_Cpp/mcc_seminar/seminar_day2_ROS2/ros2_tutorial/build/cpp_pubsub -- -j18 -l18
[1.488s] Level 1:colcon.colcon_core.environment:create_environment_scripts_only(cpp_pubsub)
[1.495s] Level 1:colcon.colcon_core.environment:checking '/home/pyo/02_Work/04_Cpp/mcc_seminar/seminar_day2_ROS2/ros2_tutorial/install/cpp_pubsub' for CMake module files
[1.495s] Level 1:colcon.colcon_core.environment:checking '/home/pyo/02_Work/04_Cpp/mcc_seminar/seminar_day2_ROS2/ros2_tutorial/install/cpp_pubsub' for CMake config files
[1.495s] Level 1:colcon.colcon_core.shell:create_environment_hook('cpp_pubsub', 'cmake_prefix_path')
[1.496s] INFO:colcon.colcon_core.shell:Creating environment hook '/home/pyo/02_Work/04_Cpp/mcc_seminar/seminar_day2_ROS2/ros2_tutorial/install/cpp_pubsub/share/cpp_pubsub/hook/cmake_prefix_path.ps1'
[1.497s] INFO:colcon.colcon_core.shell:Creating environment descriptor '/home/pyo/02_Work/04_Cpp/mcc_seminar/seminar_day2_ROS2/ros2_tutorial/install/cpp_pubsub/share/cpp_pubsub/hook/cmake_prefix_path.dsv'
[1.499s] INFO:colcon.colcon_core.shell:Creating environment hook '/home/pyo/02_Work/04_Cpp/mcc_seminar/seminar_day2_ROS2/ros2_tutorial/install/cpp_pubsub/share/cpp_pubsub/hook/cmake_prefix_path.sh'
[1.500s] Level 1:colcon.colcon_core.environment:checking '/home/pyo/02_Work/04_Cpp/mcc_seminar/seminar_day2_ROS2/ros2_tutorial/install/cpp_pubsub/lib'
[1.500s] Level 1:colcon.colcon_core.environment:checking '/home/pyo/02_Work/04_Cpp/mcc_seminar/seminar_day2_ROS2/ros2_tutorial/install/cpp_pubsub/bin'
[1.501s] Level 1:colcon.colcon_core.environment:checking '/home/pyo/02_Work/04_Cpp/mcc_seminar/seminar_day2_ROS2/ros2_tutorial/install/cpp_pubsub/lib/pkgconfig/cpp_pubsub.pc'
[1.501s] Level 1:colcon.colcon_core.environment:checking '/home/pyo/02_Work/04_Cpp/mcc_seminar/seminar_day2_ROS2/ros2_tutorial/install/cpp_pubsub/lib/python3.10/site-packages'
[1.501s] Level 1:colcon.colcon_core.environment:checking '/home/pyo/02_Work/04_Cpp/mcc_seminar/seminar_day2_ROS2/ros2_tutorial/install/cpp_pubsub/bin'
[1.502s] INFO:colcon.colcon_core.shell:Creating package script '/home/pyo/02_Work/04_Cpp/mcc_seminar/seminar_day2_ROS2/ros2_tutorial/install/cpp_pubsub/share/cpp_pubsub/package.ps1'
[1.503s] INFO:colcon.colcon_core.shell:Creating package descriptor '/home/pyo/02_Work/04_Cpp/mcc_seminar/seminar_day2_ROS2/ros2_tutorial/install/cpp_pubsub/share/cpp_pubsub/package.dsv'
[1.504s] INFO:colcon.colcon_core.shell:Creating package script '/home/pyo/02_Work/04_Cpp/mcc_seminar/seminar_day2_ROS2/ros2_tutorial/install/cpp_pubsub/share/cpp_pubsub/package.sh'
[1.506s] INFO:colcon.colcon_core.shell:Creating package script '/home/pyo/02_Work/04_Cpp/mcc_seminar/seminar_day2_ROS2/ros2_tutorial/install/cpp_pubsub/share/cpp_pubsub/package.bash'
[1.508s] INFO:colcon.colcon_core.shell:Creating package script '/home/pyo/02_Work/04_Cpp/mcc_seminar/seminar_day2_ROS2/ros2_tutorial/install/cpp_pubsub/share/cpp_pubsub/package.zsh'
[1.509s] Level 1:colcon.colcon_core.environment:create_file_with_runtime_dependencies(/home/pyo/02_Work/04_Cpp/mcc_seminar/seminar_day2_ROS2/ros2_tutorial/install/cpp_pubsub/share/colcon-core/packages/cpp_pubsub)
[1.520s] DEBUG:colcon.colcon_parallel_executor.executor.parallel:closing loop
[1.520s] DEBUG:colcon.colcon_parallel_executor.executor.parallel:loop closed
[1.520s] DEBUG:colcon.colcon_parallel_executor.executor.parallel:run_until_complete finished with '2'
[1.520s] DEBUG:colcon.colcon_core.event_reactor:joining thread
[1.616s] INFO:colcon.colcon_core.plugin_system:Skipping extension 'colcon_notification.desktop_notification.notify_send': Could not find 'notify-send'
[1.616s] INFO:colcon.colcon_core.plugin_system:Skipping extension 'colcon_notification.desktop_notification.terminal_notifier': Not used on non-Darwin systems
[1.617s] INFO:colcon.colcon_core.plugin_system:Skipping extension 'colcon_notification.desktop_notification.win32': Not used on non-Windows systems
[1.617s] INFO:colcon.colcon_notification.desktop_notification:Sending desktop notification using 'notify2'
[1.624s] DEBUG:colcon.colcon_notification.desktop_notification.notify2:Failed to initialize notify2: org.freedesktop.DBus.Error.ServiceUnknown: The name org.freedesktop.Notifications was not provided by any .service files
[1.625s] DEBUG:colcon.colcon_core.event_reactor:joined thread
[1.625s] INFO:colcon.colcon_core.shell:Creating prefix script '/home/pyo/02_Work/04_Cpp/mcc_seminar/seminar_day2_ROS2/ros2_tutorial/install/local_setup.ps1'
[1.627s] INFO:colcon.colcon_core.shell:Creating prefix util module '/home/pyo/02_Work/04_Cpp/mcc_seminar/seminar_day2_ROS2/ros2_tutorial/install/_local_setup_util_ps1.py'
[1.629s] INFO:colcon.colcon_core.shell:Creating prefix chain script '/home/pyo/02_Work/04_Cpp/mcc_seminar/seminar_day2_ROS2/ros2_tutorial/install/setup.ps1'
[1.630s] INFO:colcon.colcon_core.shell:Creating prefix script '/home/pyo/02_Work/04_Cpp/mcc_seminar/seminar_day2_ROS2/ros2_tutorial/install/local_setup.sh'
[1.633s] INFO:colcon.colcon_core.shell:Creating prefix util module '/home/pyo/02_Work/04_Cpp/mcc_seminar/seminar_day2_ROS2/ros2_tutorial/install/_local_setup_util_sh.py'
[1.634s] INFO:colcon.colcon_core.shell:Creating prefix chain script '/home/pyo/02_Work/04_Cpp/mcc_seminar/seminar_day2_ROS2/ros2_tutorial/install/setup.sh'
[1.635s] INFO:colcon.colcon_core.shell:Creating prefix script '/home/pyo/02_Work/04_Cpp/mcc_seminar/seminar_day2_ROS2/ros2_tutorial/install/local_setup.bash'
[1.637s] INFO:colcon.colcon_core.shell:Creating prefix chain script '/home/pyo/02_Work/04_Cpp/mcc_seminar/seminar_day2_ROS2/ros2_tutorial/install/setup.bash'
[1.638s] INFO:colcon.colcon_core.shell:Creating prefix script '/home/pyo/02_Work/04_Cpp/mcc_seminar/seminar_day2_ROS2/ros2_tutorial/install/local_setup.zsh'
[1.639s] INFO:colcon.colcon_core.shell:Creating prefix chain script '/home/pyo/02_Work/04_Cpp/mcc_seminar/seminar_day2_ROS2/ros2_tutorial/install/setup.zsh'
