[0.027s] Invoking command in '/home/pyo/02_Work/04_Cpp/mcc_seminar/seminar_day3_ROS2/tf2_practice_ws/build/tf2_broadcaster': CMAKE_PREFIX_PATH=${CMAKE_PREFIX_PATH}:/opt/ros/humble /usr/bin/cmake --build /home/pyo/02_Work/04_Cpp/mcc_seminar/seminar_day3_ROS2/tf2_practice_ws/build/tf2_broadcaster -- -j18 -l18
[0.167s] -- Found ament_cmake: 1.3.12 (/opt/ros/humble/share/ament_cmake/cmake)
[0.403s] -- Found rclcpp: 16.0.17 (/opt/ros/humble/share/rclcpp/cmake)
[0.729s] -- Found rosidl_generator_c: 3.1.8 (/opt/ros/humble/share/rosidl_generator_c/cmake)
[0.737s] -- Found rosidl_adapter: 3.1.8 (/opt/ros/humble/share/rosidl_adapter/cmake)
[0.755s] -- Found rosidl_generator_cpp: 3.1.8 (/opt/ros/humble/share/rosidl_generator_cpp/cmake)
[0.776s] -- Using all available rosidl_typesupport_c: rosidl_typesupport_fastrtps_c;rosidl_typesupport_introspection_c
[0.802s] -- Using all available rosidl_typesupport_cpp: rosidl_typesupport_fastrtps_cpp;rosidl_typesupport_introspection_cpp
[0.871s] -- Found rmw_implementation_cmake: 6.1.2 (/opt/ros/humble/share/rmw_implementation_cmake/cmake)
[0.876s] -- Found rmw_fastrtps_cpp: 6.2.9 (/opt/ros/humble/share/rmw_fastrtps_cpp/cmake)
[7.205s] -- Using RMW implementation 'rmw_fastrtps_cpp' as default
[7.312s] -- Found tf2_ros: 0.25.18 (/opt/ros/humble/share/tf2_ros/cmake)
[7.626s] -- Configuring done
[7.653s] -- Generating done
[7.665s] -- Build files have been written to: /home/pyo/02_Work/04_Cpp/mcc_seminar/seminar_day3_ROS2/tf2_practice_ws/build/tf2_broadcaster
[7.703s] [35m[1mConsolidate compiler generated dependencies of target tf2_broadcaster[0m
[7.725s] [ 50%] [32mBuilding CXX object CMakeFiles/tf2_broadcaster.dir/src/tf2_broadcaster.cpp.o[0m
[14.665s] [100%] [32m[1mLinking CXX executable tf2_broadcaster[0m
[15.105s] [100%] Built target tf2_broadcaster
[15.127s] Invoked command in '/home/pyo/02_Work/04_Cpp/mcc_seminar/seminar_day3_ROS2/tf2_practice_ws/build/tf2_broadcaster' returned '0': CMAKE_PREFIX_PATH=${CMAKE_PREFIX_PATH}:/opt/ros/humble /usr/bin/cmake --build /home/pyo/02_Work/04_Cpp/mcc_seminar/seminar_day3_ROS2/tf2_practice_ws/build/tf2_broadcaster -- -j18 -l18
[15.146s] Invoking command in '/home/pyo/02_Work/04_Cpp/mcc_seminar/seminar_day3_ROS2/tf2_practice_ws/build/tf2_broadcaster': CMAKE_PREFIX_PATH=${CMAKE_PREFIX_PATH}:/opt/ros/humble /usr/bin/cmake --install /home/pyo/02_Work/04_Cpp/mcc_seminar/seminar_day3_ROS2/tf2_practice_ws/build/tf2_broadcaster
[15.161s] -- Install configuration: ""
[15.162s] -- Installing: /home/pyo/02_Work/04_Cpp/mcc_seminar/seminar_day3_ROS2/tf2_practice_ws/install/tf2_broadcaster/lib/tf2_broadcaster/tf2_broadcaster
[15.164s] -- Set runtime path of "/home/pyo/02_Work/04_Cpp/mcc_seminar/seminar_day3_ROS2/tf2_practice_ws/install/tf2_broadcaster/lib/tf2_broadcaster/tf2_broadcaster" to ""
[15.165s] -- Up-to-date: /home/pyo/02_Work/04_Cpp/mcc_seminar/seminar_day3_ROS2/tf2_practice_ws/install/tf2_broadcaster/share/ament_index/resource_index/package_run_dependencies/tf2_broadcaster
[15.165s] -- Up-to-date: /home/pyo/02_Work/04_Cpp/mcc_seminar/seminar_day3_ROS2/tf2_practice_ws/install/tf2_broadcaster/share/ament_index/resource_index/parent_prefix_path/tf2_broadcaster
[15.165s] -- Up-to-date: /home/pyo/02_Work/04_Cpp/mcc_seminar/seminar_day3_ROS2/tf2_practice_ws/install/tf2_broadcaster/share/tf2_broadcaster/environment/ament_prefix_path.sh
[15.166s] -- Installing: /home/pyo/02_Work/04_Cpp/mcc_seminar/seminar_day3_ROS2/tf2_practice_ws/install/tf2_broadcaster/share/tf2_broadcaster/environment/ament_prefix_path.dsv
[15.166s] -- Up-to-date: /home/pyo/02_Work/04_Cpp/mcc_seminar/seminar_day3_ROS2/tf2_practice_ws/install/tf2_broadcaster/share/tf2_broadcaster/environment/path.sh
[15.167s] -- Installing: /home/pyo/02_Work/04_Cpp/mcc_seminar/seminar_day3_ROS2/tf2_practice_ws/install/tf2_broadcaster/share/tf2_broadcaster/environment/path.dsv
[15.167s] -- Up-to-date: /home/pyo/02_Work/04_Cpp/mcc_seminar/seminar_day3_ROS2/tf2_practice_ws/install/tf2_broadcaster/share/tf2_broadcaster/local_setup.bash
[15.167s] -- Up-to-date: /home/pyo/02_Work/04_Cpp/mcc_seminar/seminar_day3_ROS2/tf2_practice_ws/install/tf2_broadcaster/share/tf2_broadcaster/local_setup.sh
[15.167s] -- Up-to-date: /home/pyo/02_Work/04_Cpp/mcc_seminar/seminar_day3_ROS2/tf2_practice_ws/install/tf2_broadcaster/share/tf2_broadcaster/local_setup.zsh
[15.167s] -- Installing: /home/pyo/02_Work/04_Cpp/mcc_seminar/seminar_day3_ROS2/tf2_practice_ws/install/tf2_broadcaster/share/tf2_broadcaster/local_setup.dsv
[15.168s] -- Installing: /home/pyo/02_Work/04_Cpp/mcc_seminar/seminar_day3_ROS2/tf2_practice_ws/install/tf2_broadcaster/share/tf2_broadcaster/package.dsv
[15.168s] -- Up-to-date: /home/pyo/02_Work/04_Cpp/mcc_seminar/seminar_day3_ROS2/tf2_practice_ws/install/tf2_broadcaster/share/ament_index/resource_index/packages/tf2_broadcaster
[15.168s] -- Up-to-date: /home/pyo/02_Work/04_Cpp/mcc_seminar/seminar_day3_ROS2/tf2_practice_ws/install/tf2_broadcaster/share/tf2_broadcaster/cmake/tf2_broadcasterConfig.cmake
[15.168s] -- Up-to-date: /home/pyo/02_Work/04_Cpp/mcc_seminar/seminar_day3_ROS2/tf2_practice_ws/install/tf2_broadcaster/share/tf2_broadcaster/cmake/tf2_broadcasterConfig-version.cmake
[15.168s] -- Up-to-date: /home/pyo/02_Work/04_Cpp/mcc_seminar/seminar_day3_ROS2/tf2_practice_ws/install/tf2_broadcaster/share/tf2_broadcaster/package.xml
[15.172s] Invoked command in '/home/pyo/02_Work/04_Cpp/mcc_seminar/seminar_day3_ROS2/tf2_practice_ws/build/tf2_broadcaster' returned '0': CMAKE_PREFIX_PATH=${CMAKE_PREFIX_PATH}:/opt/ros/humble /usr/bin/cmake --install /home/pyo/02_Work/04_Cpp/mcc_seminar/seminar_day3_ROS2/tf2_practice_ws/build/tf2_broadcaster
